[ 2014-03-21T05:17:11+08:00 ] 14.17.18.143 /wwzz/gjyphp/xmyk/index.php/Admin/index/action/1
INFO: [ route_check ] --START--
INFO: CheckRoute Behavior ::run [ RunTime:0.042113s ]
INFO: [ route_check ] --END-- [ RunTime:0.042180s ]
INFO: [ app_begin ] --START--
INFO: ReadHtmlCache Behavior ::run [ RunTime:0.010267s ]
INFO: [ app_begin ] --END-- [ RunTime:0.010335s ]
NOTIC: [8] Undefined index:  username D:\webw\test\wwzz\gjyphp\xmyk\app\Lib\Action\AdminAction.class.php 第 27 行.
NOTIC: [8] Undefined index:  password D:\webw\test\wwzz\gjyphp\xmyk\app\Lib\Action\AdminAction.class.php 第 28 行.
SQL: SHOW COLUMNS FROM `bm_admin` [ RunTime:0.036509s ]
SQL: SELECT * FROM `bm_admin` WHERE ( name="" AND password="d41d8cd98f00b204e9800998ecf8427e" )  [ RunTime:0.000208s ]
INFO: [ view_parse ] --START--
INFO: ParseTemplate Behavior ::run [ RunTime:0.035267s ]
INFO: [ view_parse ] --END-- [ RunTime:0.035338s ]
INFO: [ view_filter ] --START--
INFO: ContentReplace Behavior ::run [ RunTime:0.000817s ]
INFO: TokenBuild Behavior ::run [ RunTime:0.000807s ]
INFO: WriteHtmlCache Behavior ::run [ RunTime:0.003494s ]
INFO: ShowRuntime Behavior ::run [ RunTime:0.007320s ]
INFO: [ view_filter ] --END-- [ RunTime:0.012575s ]
INFO: [ view_end ] --START--
INFO: ShowPageTrace Behavior ::run [ RunTime:0.009822s ]
INFO: [ view_end ] --END-- [ RunTime:0.009877s ]

[ 2014-03-21T05:17:11+08:00 ] 14.17.18.143 /wwzz/gjyphp/xmyk/index.php/Home
INFO: [ route_check ] --START--
INFO: CheckRoute Behavior ::run [ RunTime:0.042120s ]
INFO: [ route_check ] --END-- [ RunTime:0.042183s ]
INFO: [ app_begin ] --START--
INFO: ReadHtmlCache Behavior ::run [ RunTime:0.010278s ]
INFO: [ app_begin ] --END-- [ RunTime:0.010340s ]
INFO: [ view_parse ] --START--
INFO: ParseTemplate Behavior ::run [ RunTime:0.169514s ]
INFO: [ view_parse ] --END-- [ RunTime:0.169592s ]
INFO: [ view_filter ] --START--
INFO: ContentReplace Behavior ::run [ RunTime:0.020035s ]
INFO: TokenBuild Behavior ::run [ RunTime:0.013744s ]
INFO: WriteHtmlCache Behavior ::run [ RunTime:0.016672s ]
INFO: ShowRuntime Behavior ::run [ RunTime:0.007315s ]
INFO: [ view_filter ] --END-- [ RunTime:0.057940s ]
INFO: [ view_end ] --START--
INFO: ShowPageTrace Behavior ::run [ RunTime:0.009835s ]
INFO: [ view_end ] --END-- [ RunTime:0.009889s ]

[ 2014-03-21T05:17:11+08:00 ] 14.17.18.143 /wwzz/gjyphp/xmyk/index.php/Home/
INFO: [ route_check ] --START--
INFO: CheckRoute Behavior ::run [ RunTime:0.001165s ]
INFO: [ route_check ] --END-- [ RunTime:0.001229s ]
INFO: [ app_begin ] --START--
INFO: ReadHtmlCache Behavior ::run [ RunTime:0.000690s ]
INFO: [ app_begin ] --END-- [ RunTime:0.000741s ]
INFO: [ view_parse ] --START--
INFO: ParseTemplate Behavior ::run [ RunTime:0.009354s ]
INFO: [ view_parse ] --END-- [ RunTime:0.009414s ]
INFO: [ view_filter ] --START--
INFO: ContentReplace Behavior ::run [ RunTime:0.000842s ]
INFO: TokenBuild Behavior ::run [ RunTime:0.000826s ]
INFO: WriteHtmlCache Behavior ::run [ RunTime:0.000732s ]
INFO: ShowRuntime Behavior ::run [ RunTime:0.000902s ]
INFO: [ view_filter ] --END-- [ RunTime:0.003434s ]
INFO: [ view_end ] --START--
INFO: ShowPageTrace Behavior ::run [ RunTime:0.001018s ]
INFO: [ view_end ] --END-- [ RunTime:0.001069s ]

[ 2014-03-21T05:17:11+08:00 ] 14.17.18.143 /wwzz/gjyphp/xmyk/index.php/Admin/index/action/1/
INFO: [ route_check ] --START--
INFO: CheckRoute Behavior ::run [ RunTime:0.001185s ]
INFO: [ route_check ] --END-- [ RunTime:0.001247s ]
INFO: [ app_begin ] --START--
INFO: ReadHtmlCache Behavior ::run [ RunTime:0.000556s ]
INFO: [ app_begin ] --END-- [ RunTime:0.000608s ]
NOTIC: [8] Undefined index:  username D:\webw\test\wwzz\gjyphp\xmyk\app\Lib\Action\AdminAction.class.php 第 27 行.
NOTIC: [8] Undefined index:  password D:\webw\test\wwzz\gjyphp\xmyk\app\Lib\Action\AdminAction.class.php 第 28 行.
SQL: SHOW COLUMNS FROM `bm_admin` [ RunTime:0.000773s ]
SQL: SELECT * FROM `bm_admin` WHERE ( name="" AND password="d41d8cd98f00b204e9800998ecf8427e" )  [ RunTime:0.000081s ]
INFO: [ view_parse ] --START--
INFO: ParseTemplate Behavior ::run [ RunTime:0.009400s ]
INFO: [ view_parse ] --END-- [ RunTime:0.009460s ]
INFO: [ view_filter ] --START--
INFO: ContentReplace Behavior ::run [ RunTime:0.000805s ]
INFO: TokenBuild Behavior ::run [ RunTime:0.000803s ]
INFO: WriteHtmlCache Behavior ::run [ RunTime:0.000715s ]
INFO: ShowRuntime Behavior ::run [ RunTime:0.000877s ]
INFO: [ view_filter ] --END-- [ RunTime:0.003336s ]
INFO: [ view_end ] --START--
INFO: ShowPageTrace Behavior ::run [ RunTime:0.000992s ]
INFO: [ view_end ] --END-- [ RunTime:0.001044s ]

[ 2014-03-21T05:17:11+08:00 ] 14.17.18.143 /wwzz/gjyphp/xmyk/index.php/Home/
INFO: [ route_check ] --START--
INFO: CheckRoute Behavior ::run [ RunTime:0.001169s ]
INFO: [ route_check ] --END-- [ RunTime:0.001230s ]
INFO: [ app_begin ] --START--
INFO: ReadHtmlCache Behavior ::run [ RunTime:0.000939s ]
INFO: [ app_begin ] --END-- [ RunTime:0.000989s ]
INFO: [ view_parse ] --START--
INFO: ParseTemplate Behavior ::run [ RunTime:0.009085s ]
INFO: [ view_parse ] --END-- [ RunTime:0.009145s ]
INFO: [ view_filter ] --START--
INFO: ContentReplace Behavior ::run [ RunTime:0.000822s ]
INFO: TokenBuild Behavior ::run [ RunTime:0.000806s ]
INFO: WriteHtmlCache Behavior ::run [ RunTime:0.000711s ]
INFO: ShowRuntime Behavior ::run [ RunTime:0.000881s ]
INFO: [ view_filter ] --END-- [ RunTime:0.003353s ]
INFO: [ view_end ] --START--
INFO: ShowPageTrace Behavior ::run [ RunTime:0.001006s ]
INFO: [ view_end ] --END-- [ RunTime:0.001057s ]

[ 2014-03-21T05:17:11+08:00 ] 14.17.18.143 /wwzz/gjyphp/xmyk/index.php/Home/
INFO: [ route_check ] --START--
INFO: CheckRoute Behavior ::run [ RunTime:0.000931s ]
INFO: [ route_check ] --END-- [ RunTime:0.001000s ]
INFO: [ app_begin ] --START--
INFO: ReadHtmlCache Behavior ::run [ RunTime:0.001007s ]
INFO: [ app_begin ] --END-- [ RunTime:0.001060s ]
INFO: [ view_parse ] --START--
INFO: ParseTemplate Behavior ::run [ RunTime:0.019428s ]
INFO: [ view_parse ] --END-- [ RunTime:0.019508s ]
INFO: [ view_filter ] --START--
INFO: ContentReplace Behavior ::run [ RunTime:0.000634s ]
INFO: TokenBuild Behavior ::run [ RunTime:0.000858s ]
INFO: WriteHtmlCache Behavior ::run [ RunTime:0.000926s ]
INFO: ShowRuntime Behavior ::run [ RunTime:0.000915s ]
INFO: [ view_filter ] --END-- [ RunTime:0.003485s ]
INFO: [ view_end ] --START--
INFO: ShowPageTrace Behavior ::run [ RunTime:0.001020s ]
INFO: [ view_end ] --END-- [ RunTime:0.001071s ]

[ 2014-03-21T05:17:11+08:00 ] 14.17.18.143 /wwzz/gjyphp/xmyk/index.php/Admin/index/action/1/
INFO: [ route_check ] --START--
INFO: CheckRoute Behavior ::run [ RunTime:0.001153s ]
INFO: [ route_check ] --END-- [ RunTime:0.001213s ]
INFO: [ app_begin ] --START--
INFO: ReadHtmlCache Behavior ::run [ RunTime:0.000962s ]
INFO: [ app_begin ] --END-- [ RunTime:0.001012s ]
NOTIC: [8] Undefined index:  username D:\webw\test\wwzz\gjyphp\xmyk\app\Lib\Action\AdminAction.class.php 第 27 行.
NOTIC: [8] Undefined index:  password D:\webw\test\wwzz\gjyphp\xmyk\app\Lib\Action\AdminAction.class.php 第 28 行.
SQL: SHOW COLUMNS FROM `bm_admin` [ RunTime:0.001007s ]
SQL: SELECT * FROM `bm_admin` WHERE ( name="" AND password="d41d8cd98f00b204e9800998ecf8427e" )  [ RunTime:0.000121s ]
INFO: [ view_parse ] --START--
INFO: ParseTemplate Behavior ::run [ RunTime:0.009261s ]
INFO: [ view_parse ] --END-- [ RunTime:0.009319s ]
INFO: [ view_filter ] --START--
INFO: ContentReplace Behavior ::run [ RunTime:0.000804s ]
INFO: TokenBuild Behavior ::run [ RunTime:0.000802s ]
INFO: WriteHtmlCache Behavior ::run [ RunTime:0.000712s ]
INFO: ShowRuntime Behavior ::run [ RunTime:0.000874s ]
INFO: [ view_filter ] --END-- [ RunTime:0.003324s ]
INFO: [ view_end ] --START--
INFO: ShowPageTrace Behavior ::run [ RunTime:0.000986s ]
INFO: [ view_end ] --END-- [ RunTime:0.001035s ]

[ 2014-03-21T05:17:12+08:00 ] 14.17.18.143 /wwzz/gjyphp/xmyk/index.php/Admin/index/action/1/
INFO: [ route_check ] --START--
INFO: CheckRoute Behavior ::run [ RunTime:0.001143s ]
INFO: [ route_check ] --END-- [ RunTime:0.001204s ]
INFO: [ app_begin ] --START--
INFO: ReadHtmlCache Behavior ::run [ RunTime:0.000553s ]
INFO: [ app_begin ] --END-- [ RunTime:0.000603s ]
NOTIC: [8] Undefined index:  username D:\webw\test\wwzz\gjyphp\xmyk\app\Lib\Action\AdminAction.class.php 第 27 行.
NOTIC: [8] Undefined index:  password D:\webw\test\wwzz\gjyphp\xmyk\app\Lib\Action\AdminAction.class.php 第 28 行.
SQL: SHOW COLUMNS FROM `bm_admin` [ RunTime:0.013292s ]
SQL: SELECT * FROM `bm_admin` WHERE ( name="" AND password="d41d8cd98f00b204e9800998ecf8427e" )  [ RunTime:0.000186s ]
INFO: [ view_parse ] --START--
INFO: ParseTemplate Behavior ::run [ RunTime:0.009787s ]
INFO: [ view_parse ] --END-- [ RunTime:0.009871s ]
INFO: [ view_filter ] --START--
INFO: ContentReplace Behavior ::run [ RunTime:0.000844s ]
INFO: TokenBuild Behavior ::run [ RunTime:0.000848s ]
INFO: WriteHtmlCache Behavior ::run [ RunTime:0.000735s ]
INFO: ShowRuntime Behavior ::run [ RunTime:0.000917s ]
INFO: [ view_filter ] --END-- [ RunTime:0.003499s ]
INFO: [ view_end ] --START--
INFO: ShowPageTrace Behavior ::run [ RunTime:0.001011s ]
INFO: [ view_end ] --END-- [ RunTime:0.001064s ]

[ 2014-03-21T05:17:12+08:00 ] 14.17.18.143 /wwzz/gjyphp/xmyk/index.php/Home/
INFO: [ route_check ] --START--
INFO: CheckRoute Behavior ::run [ RunTime:0.001151s ]
INFO: [ route_check ] --END-- [ RunTime:0.001214s ]
INFO: [ app_begin ] --START--
INFO: ReadHtmlCache Behavior ::run [ RunTime:0.000557s ]
INFO: [ app_begin ] --END-- [ RunTime:0.000607s ]
INFO: [ view_parse ] --START--
INFO: ParseTemplate Behavior ::run [ RunTime:0.009133s ]
INFO: [ view_parse ] --END-- [ RunTime:0.009192s ]
INFO: [ view_filter ] --START--
INFO: ContentReplace Behavior ::run [ RunTime:0.000830s ]
INFO: TokenBuild Behavior ::run [ RunTime:0.000893s ]
INFO: WriteHtmlCache Behavior ::run [ RunTime:0.000771s ]
INFO: ShowRuntime Behavior ::run [ RunTime:0.000933s ]
INFO: [ view_filter ] --END-- [ RunTime:0.003559s ]
INFO: [ view_end ] --START--
INFO: ShowPageTrace Behavior ::run [ RunTime:0.001004s ]
INFO: [ view_end ] --END-- [ RunTime:0.001052s ]

[ 2014-03-21T05:17:12+08:00 ] 14.17.18.143 /wwzz/gjyphp/xmyk/index.php/Admin/index/action/1/
INFO: [ route_check ] --START--
INFO: CheckRoute Behavior ::run [ RunTime:0.001880s ]
INFO: [ route_check ] --END-- [ RunTime:0.001978s ]
INFO: [ app_begin ] --START--
INFO: ReadHtmlCache Behavior ::run [ RunTime:0.001601s ]
INFO: [ app_begin ] --END-- [ RunTime:0.001685s ]
NOTIC: [8] Undefined index:  username D:\webw\test\wwzz\gjyphp\xmyk\app\Lib\Action\AdminAction.class.php 第 27 行.
NOTIC: [8] Undefined index:  password D:\webw\test\wwzz\gjyphp\xmyk\app\Lib\Action\AdminAction.class.php 第 28 行.
SQL: SHOW COLUMNS FROM `bm_admin` [ RunTime:0.001281s ]
SQL: SELECT * FROM `bm_admin` WHERE ( name="" AND password="d41d8cd98f00b204e9800998ecf8427e" )  [ RunTime:0.000282s ]
INFO: [ view_parse ] --START--
INFO: ParseTemplate Behavior ::run [ RunTime:0.015124s ]
INFO: [ view_parse ] --END-- [ RunTime:0.015216s ]
INFO: [ view_filter ] --START--
INFO: ContentReplace Behavior ::run [ RunTime:0.001356s ]
INFO: TokenBuild Behavior ::run [ RunTime:0.001372s ]
INFO: WriteHtmlCache Behavior ::run [ RunTime:0.001233s ]
INFO: ShowRuntime Behavior ::run [ RunTime:0.001506s ]
INFO: [ view_filter ] --END-- [ RunTime:0.005689s ]
INFO: [ view_end ] --START--
INFO: ShowPageTrace Behavior ::run [ RunTime:0.001433s ]
INFO: [ view_end ] --END-- [ RunTime:0.001517s ]

[ 2014-03-21T05:17:12+08:00 ] 14.17.18.143 /wwzz/gjyphp/xmyk/index.php/Home/
INFO: [ route_check ] --START--
INFO: CheckRoute Behavior ::run [ RunTime:0.001146s ]
INFO: [ route_check ] --END-- [ RunTime:0.001206s ]
INFO: [ app_begin ] --START--
INFO: ReadHtmlCache Behavior ::run [ RunTime:0.000951s ]
INFO: [ app_begin ] --END-- [ RunTime:0.001006s ]
INFO: [ view_parse ] --START--
INFO: ParseTemplate Behavior ::run [ RunTime:0.009215s ]
INFO: [ view_parse ] --END-- [ RunTime:0.009275s ]
INFO: [ view_filter ] --START--
INFO: ContentReplace Behavior ::run [ RunTime:0.000895s ]
INFO: TokenBuild Behavior ::run [ RunTime:0.000860s ]
INFO: WriteHtmlCache Behavior ::run [ RunTime:0.000733s ]
INFO: ShowRuntime Behavior ::run [ RunTime:0.000923s ]
INFO: [ view_filter ] --END-- [ RunTime:0.003546s ]
INFO: [ view_end ] --START--
INFO: ShowPageTrace Behavior ::run [ RunTime:0.001097s ]
INFO: [ view_end ] --END-- [ RunTime:0.001146s ]

[ 2014-03-21T05:17:12+08:00 ] 14.17.18.143 /wwzz/gjyphp/xmyk/index.php/Admin/index/action/1/
INFO: [ route_check ] --START--
INFO: CheckRoute Behavior ::run [ RunTime:0.001142s ]
INFO: [ route_check ] --END-- [ RunTime:0.001199s ]
INFO: [ app_begin ] --START--
INFO: ReadHtmlCache Behavior ::run [ RunTime:0.000939s ]
INFO: [ app_begin ] --END-- [ RunTime:0.000988s ]
NOTIC: [8] Undefined index:  username D:\webw\test\wwzz\gjyphp\xmyk\app\Lib\Action\AdminAction.class.php 第 27 行.
NOTIC: [8] Undefined index:  password D:\webw\test\wwzz\gjyphp\xmyk\app\Lib\Action\AdminAction.class.php 第 28 行.
SQL: SHOW COLUMNS FROM `bm_admin` [ RunTime:0.001217s ]
SQL: SELECT * FROM `bm_admin` WHERE ( name="" AND password="d41d8cd98f00b204e9800998ecf8427e" )  [ RunTime:0.000331s ]
INFO: [ view_parse ] --START--
INFO: ParseTemplate Behavior ::run [ RunTime:0.009150s ]
INFO: [ view_parse ] --END-- [ RunTime:0.009206s ]
INFO: [ view_filter ] --START--
INFO: ContentReplace Behavior ::run [ RunTime:0.000842s ]
INFO: TokenBuild Behavior ::run [ RunTime:0.000547s ]
INFO: WriteHtmlCache Behavior ::run [ RunTime:0.000716s ]
INFO: ShowRuntime Behavior ::run [ RunTime:0.000881s ]
INFO: [ view_filter ] --END-- [ RunTime:0.003120s ]
INFO: [ view_end ] --START--
INFO: ShowPageTrace Behavior ::run [ RunTime:0.001000s ]
INFO: [ view_end ] --END-- [ RunTime:0.001050s ]

[ 2014-03-21T05:17:12+08:00 ] 14.17.18.143 /wwzz/gjyphp/xmyk/index.php/Home/
INFO: [ route_check ] --START--
INFO: CheckRoute Behavior ::run [ RunTime:0.001141s ]
INFO: [ route_check ] --END-- [ RunTime:0.001204s ]
INFO: [ app_begin ] --START--
INFO: ReadHtmlCache Behavior ::run [ RunTime:0.000941s ]
INFO: [ app_begin ] --END-- [ RunTime:0.000991s ]
INFO: [ view_parse ] --START--
INFO: ParseTemplate Behavior ::run [ RunTime:0.023000s ]
INFO: [ view_parse ] --END-- [ RunTime:0.023063s ]
INFO: [ view_filter ] --START--
INFO: ContentReplace Behavior ::run [ RunTime:0.000878s ]
INFO: TokenBuild Behavior ::run [ RunTime:0.000854s ]
INFO: WriteHtmlCache Behavior ::run [ RunTime:0.000735s ]
INFO: ShowRuntime Behavior ::run [ RunTime:0.000995s ]
INFO: [ view_filter ] --END-- [ RunTime:0.003595s ]
INFO: [ view_end ] --START--
INFO: ShowPageTrace Behavior ::run [ RunTime:0.001051s ]
INFO: [ view_end ] --END-- [ RunTime:0.001101s ]

[ 2014-03-21T05:17:12+08:00 ] 14.17.18.143 /wwzz/gjyphp/xmyk/index.php/Admin/index/action/1/
INFO: [ route_check ] --START--
INFO: CheckRoute Behavior ::run [ RunTime:0.001153s ]
INFO: [ route_check ] --END-- [ RunTime:0.001215s ]
INFO: [ app_begin ] --START--
INFO: ReadHtmlCache Behavior ::run [ RunTime:0.000553s ]
INFO: [ app_begin ] --END-- [ RunTime:0.000603s ]
NOTIC: [8] Undefined index:  username D:\webw\test\wwzz\gjyphp\xmyk\app\Lib\Action\AdminAction.class.php 第 27 行.
NOTIC: [8] Undefined index:  password D:\webw\test\wwzz\gjyphp\xmyk\app\Lib\Action\AdminAction.class.php 第 28 行.
SQL: SHOW COLUMNS FROM `bm_admin` [ RunTime:0.001089s ]
SQL: SELECT * FROM `bm_admin` WHERE ( name="" AND password="d41d8cd98f00b204e9800998ecf8427e" )  [ RunTime:0.000307s ]
INFO: [ view_parse ] --START--
INFO: ParseTemplate Behavior ::run [ RunTime:0.009299s ]
INFO: [ view_parse ] --END-- [ RunTime:0.009357s ]
INFO: [ view_filter ] --START--
INFO: ContentReplace Behavior ::run [ RunTime:0.000800s ]
INFO: TokenBuild Behavior ::run [ RunTime:0.000804s ]
INFO: WriteHtmlCache Behavior ::run [ RunTime:0.000715s ]
INFO: ShowRuntime Behavior ::run [ RunTime:0.000880s ]
INFO: [ view_filter ] --END-- [ RunTime:0.003329s ]
INFO: [ view_end ] --START--
INFO: ShowPageTrace Behavior ::run [ RunTime:0.000990s ]
INFO: [ view_end ] --END-- [ RunTime:0.001040s ]

[ 2014-03-21T05:17:12+08:00 ] 14.17.18.143 /wwzz/gjyphp/xmyk/index.php/Home/
INFO: [ route_check ] --START--
INFO: CheckRoute Behavior ::run [ RunTime:0.001141s ]
INFO: [ route_check ] --END-- [ RunTime:0.001201s ]
INFO: [ app_begin ] --START--
INFO: ReadHtmlCache Behavior ::run [ RunTime:0.000554s ]
INFO: [ app_begin ] --END-- [ RunTime:0.000604s ]
INFO: [ view_parse ] --START--
INFO: ParseTemplate Behavior ::run [ RunTime:0.009085s ]
INFO: [ view_parse ] --END-- [ RunTime:0.009143s ]
INFO: [ view_filter ] --START--
INFO: ContentReplace Behavior ::run [ RunTime:0.000829s ]
INFO: TokenBuild Behavior ::run [ RunTime:0.000806s ]
INFO: WriteHtmlCache Behavior ::run [ RunTime:0.000712s ]
INFO: ShowRuntime Behavior ::run [ RunTime:0.000875s ]
INFO: [ view_filter ] --END-- [ RunTime:0.003354s ]
INFO: [ view_end ] --START--
INFO: ShowPageTrace Behavior ::run [ RunTime:0.000993s ]
INFO: [ view_end ] --END-- [ RunTime:0.001044s ]

[ 2014-03-21T05:17:12+08:00 ] 14.17.18.143 /wwzz/gjyphp/xmyk/index.php/Admin/index/action/1/
INFO: [ route_check ] --START--
INFO: CheckRoute Behavior ::run [ RunTime:0.000630s ]
INFO: [ route_check ] --END-- [ RunTime:0.000692s ]
INFO: [ app_begin ] --START--
INFO: ReadHtmlCache Behavior ::run [ RunTime:0.000881s ]
INFO: [ app_begin ] --END-- [ RunTime:0.000931s ]
NOTIC: [8] Undefined index:  username D:\webw\test\wwzz\gjyphp\xmyk\app\Lib\Action\AdminAction.class.php 第 27 行.
NOTIC: [8] Undefined index:  password D:\webw\test\wwzz\gjyphp\xmyk\app\Lib\Action\AdminAction.class.php 第 28 行.
SQL: SHOW COLUMNS FROM `bm_admin` [ RunTime:0.000942s ]
SQL: SELECT * FROM `bm_admin` WHERE ( name="" AND password="d41d8cd98f00b204e9800998ecf8427e" )  [ RunTime:0.000095s ]
INFO: [ view_parse ] --START--
INFO: ParseTemplate Behavior ::run [ RunTime:0.007356s ]
INFO: [ view_parse ] --END-- [ RunTime:0.007417s ]
INFO: [ view_filter ] --START--
INFO: ContentReplace Behavior ::run [ RunTime:0.000278s ]
INFO: TokenBuild Behavior ::run [ RunTime:0.000807s ]
INFO: WriteHtmlCache Behavior ::run [ RunTime:0.000711s ]
INFO: ShowRuntime Behavior ::run [ RunTime:0.000875s ]
INFO: [ view_filter ] --END-- [ RunTime:0.002805s ]
INFO: [ view_end ] --START--
INFO: ShowPageTrace Behavior ::run [ RunTime:0.001007s ]
INFO: [ view_end ] --END-- [ RunTime:0.001058s ]

[ 2014-03-21T05:17:17+08:00 ] 83.100.228.84 /wwzz/gjyphp/xmyk/index.php/Home
INFO: [ route_check ] --START--
INFO: CheckRoute Behavior ::run [ RunTime:0.001788s ]
INFO: [ route_check ] --END-- [ RunTime:0.001897s ]
INFO: [ app_begin ] --START--
INFO: ReadHtmlCache Behavior ::run [ RunTime:0.001502s ]
INFO: [ app_begin ] --END-- [ RunTime:0.001588s ]
INFO: [ view_parse ] --START--
INFO: ParseTemplate Behavior ::run [ RunTime:0.013136s ]
INFO: [ view_parse ] --END-- [ RunTime:0.013230s ]
INFO: [ view_filter ] --START--
INFO: ContentReplace Behavior ::run [ RunTime:0.001123s ]
INFO: TokenBuild Behavior ::run [ RunTime:0.001156s ]
INFO: WriteHtmlCache Behavior ::run [ RunTime:0.000871s ]
INFO: ShowRuntime Behavior ::run [ RunTime:0.001124s ]
INFO: [ view_filter ] --END-- [ RunTime:0.004479s ]
INFO: [ view_end ] --START--
INFO: ShowPageTrace Behavior ::run [ RunTime:0.001362s ]
INFO: [ view_end ] --END-- [ RunTime:0.001439s ]

[ 2014-03-21T05:17:22+08:00 ] 83.100.228.84 /wwzz/gjyphp/xmyk/index.php/Admin/index/action/1
INFO: [ route_check ] --START--
INFO: CheckRoute Behavior ::run [ RunTime:0.001170s ]
INFO: [ route_check ] --END-- [ RunTime:0.001242s ]
INFO: [ app_begin ] --START--
INFO: ReadHtmlCache Behavior ::run [ RunTime:0.000568s ]
INFO: [ app_begin ] --END-- [ RunTime:0.000625s ]
NOTIC: [8] Undefined index:  username D:\webw\test\wwzz\gjyphp\xmyk\app\Lib\Action\AdminAction.class.php 第 27 行.
NOTIC: [8] Undefined index:  password D:\webw\test\wwzz\gjyphp\xmyk\app\Lib\Action\AdminAction.class.php 第 28 行.
SQL: SHOW COLUMNS FROM `bm_admin` [ RunTime:0.006856s ]
SQL: SELECT * FROM `bm_admin` WHERE ( name="" AND password="d41d8cd98f00b204e9800998ecf8427e" )  [ RunTime:0.000111s ]
INFO: [ view_parse ] --START--
INFO: ParseTemplate Behavior ::run [ RunTime:0.009840s ]
INFO: [ view_parse ] --END-- [ RunTime:0.009916s ]
INFO: [ view_filter ] --START--
INFO: ContentReplace Behavior ::run [ RunTime:0.000833s ]
INFO: TokenBuild Behavior ::run [ RunTime:0.000832s ]
INFO: WriteHtmlCache Behavior ::run [ RunTime:0.000732s ]
INFO: ShowRuntime Behavior ::run [ RunTime:0.000902s ]
INFO: [ view_filter ] --END-- [ RunTime:0.003445s ]
INFO: [ view_end ] --START--
INFO: ShowPageTrace Behavior ::run [ RunTime:0.001018s ]
INFO: [ view_end ] --END-- [ RunTime:0.001072s ]

[ 2014-03-21T05:17:35+08:00 ] 83.100.228.84 /wwzz/gjyphp/xmyk/index.php/Admin/index/action/1
INFO: [ route_check ] --START--
INFO: CheckRoute Behavior ::run [ RunTime:0.001163s ]
INFO: [ route_check ] --END-- [ RunTime:0.001234s ]
INFO: [ app_begin ] --START--
INFO: ReadHtmlCache Behavior ::run [ RunTime:0.000955s ]
INFO: [ app_begin ] --END-- [ RunTime:0.001008s ]
SQL: SHOW COLUMNS FROM `bm_admin` [ RunTime:0.000850s ]
SQL: SELECT * FROM `bm_admin` WHERE ( name="21nic" AND password="880d45eb62d70418dff7bade4488f0a3" )  [ RunTime:0.000195s ]
INFO: [ view_parse ] --START--
INFO: ParseTemplate Behavior ::run [ RunTime:0.052177s ]
INFO: [ view_parse ] --END-- [ RunTime:0.052260s ]
INFO: [ view_filter ] --START--
INFO: ContentReplace Behavior ::run [ RunTime:0.000956s ]
INFO: TokenBuild Behavior ::run [ RunTime:0.000828s ]
INFO: WriteHtmlCache Behavior ::run [ RunTime:0.000728s ]
INFO: ShowRuntime Behavior ::run [ RunTime:0.000899s ]
INFO: [ view_filter ] --END-- [ RunTime:0.003556s ]
INFO: [ view_end ] --START--
INFO: ShowPageTrace Behavior ::run [ RunTime:0.001028s ]
INFO: [ view_end ] --END-- [ RunTime:0.001080s ]

[ 2014-03-21T05:29:52+08:00 ] 83.100.228.84 /wwzz/gjyphp/xmyk/index.php/Admin/ks_show
INFO: [ route_check ] --START--
INFO: CheckRoute Behavior ::run [ RunTime:0.033843s ]
INFO: [ route_check ] --END-- [ RunTime:0.033938s ]
INFO: [ app_begin ] --START--
INFO: ReadHtmlCache Behavior ::run [ RunTime:0.001433s ]
INFO: [ app_begin ] --END-- [ RunTime:0.001513s ]
SQL: SHOW COLUMNS FROM `kjj` [ RunTime:0.026083s ]
SQL: SELECT * FROM `kjj`  [ RunTime:0.000215s ]
INFO: [ view_parse ] --START--
NOTIC: [8] Undefined variable: data1 D:\webw\test\wwzz\gjyphp\xmyk\app\Runtime\Cache\8faa5a1bbd35c1d5c8fe4769dc153b2a.php 第 10 行.
NOTIC: [8] Undefined variable: data1 D:\webw\test\wwzz\gjyphp\xmyk\app\Runtime\Cache\8faa5a1bbd35c1d5c8fe4769dc153b2a.php 第 10 行.
NOTIC: [8] Undefined variable: data1 D:\webw\test\wwzz\gjyphp\xmyk\app\Runtime\Cache\8faa5a1bbd35c1d5c8fe4769dc153b2a.php 第 10 行.
NOTIC: [8] Undefined variable: data1 D:\webw\test\wwzz\gjyphp\xmyk\app\Runtime\Cache\8faa5a1bbd35c1d5c8fe4769dc153b2a.php 第 10 行.
NOTIC: [8] Undefined variable: data1 D:\webw\test\wwzz\gjyphp\xmyk\app\Runtime\Cache\8faa5a1bbd35c1d5c8fe4769dc153b2a.php 第 10 行.
NOTIC: [8] Undefined variable: data1 D:\webw\test\wwzz\gjyphp\xmyk\app\Runtime\Cache\8faa5a1bbd35c1d5c8fe4769dc153b2a.php 第 10 行.
NOTIC: [8] Undefined variable: data1 D:\webw\test\wwzz\gjyphp\xmyk\app\Runtime\Cache\8faa5a1bbd35c1d5c8fe4769dc153b2a.php 第 23 行.
NOTIC: [8] Undefined variable: data1 D:\webw\test\wwzz\gjyphp\xmyk\app\Runtime\Cache\8faa5a1bbd35c1d5c8fe4769dc153b2a.php 第 27 行.
NOTIC: [8] Undefined variable: data1 D:\webw\test\wwzz\gjyphp\xmyk\app\Runtime\Cache\8faa5a1bbd35c1d5c8fe4769dc153b2a.php 第 32 行.
NOTIC: [8] Undefined variable: data1 D:\webw\test\wwzz\gjyphp\xmyk\app\Runtime\Cache\8faa5a1bbd35c1d5c8fe4769dc153b2a.php 第 36 行.
NOTIC: [8] Undefined variable: data1 D:\webw\test\wwzz\gjyphp\xmyk\app\Runtime\Cache\8faa5a1bbd35c1d5c8fe4769dc153b2a.php 第 43 行.
NOTIC: [8] Undefined variable: data1 D:\webw\test\wwzz\gjyphp\xmyk\app\Runtime\Cache\8faa5a1bbd35c1d5c8fe4769dc153b2a.php 第 47 行.
NOTIC: [8] Undefined variable: data1 D:\webw\test\wwzz\gjyphp\xmyk\app\Runtime\Cache\8faa5a1bbd35c1d5c8fe4769dc153b2a.php 第 54 行.
NOTIC: [8] Undefined variable: data1 D:\webw\test\wwzz\gjyphp\xmyk\app\Runtime\Cache\8faa5a1bbd35c1d5c8fe4769dc153b2a.php 第 55 行.
NOTIC: [8] Undefined variable: data1 D:\webw\test\wwzz\gjyphp\xmyk\app\Runtime\Cache\8faa5a1bbd35c1d5c8fe4769dc153b2a.php 第 65 行.
INFO: ParseTemplate Behavior ::run [ RunTime:0.081014s ]
INFO: [ view_parse ] --END-- [ RunTime:0.081091s ]
INFO: [ view_filter ] --START--
INFO: ContentReplace Behavior ::run [ RunTime:0.012227s ]
INFO: TokenBuild Behavior ::run [ RunTime:0.005335s ]
INFO: WriteHtmlCache Behavior ::run [ RunTime:0.000901s ]
INFO: ShowRuntime Behavior ::run [ RunTime:0.006477s ]
INFO: [ view_filter ] --END-- [ RunTime:0.025115s ]
INFO: [ view_end ] --START--
INFO: ShowPageTrace Behavior ::run [ RunTime:0.009691s ]
INFO: [ view_end ] --END-- [ RunTime:0.009759s ]

[ 2014-03-21T05:30:17+08:00 ] 83.100.228.84 /wwzz/gjyphp/xmyk/index.php/Admin/ks_add
INFO: [ route_check ] --START--
INFO: CheckRoute Behavior ::run [ RunTime:0.001894s ]
INFO: [ route_check ] --END-- [ RunTime:0.001992s ]
INFO: [ app_begin ] --START--
INFO: ReadHtmlCache Behavior ::run [ RunTime:0.001585s ]
INFO: [ app_begin ] --END-- [ RunTime:0.001657s ]
SQL: SHOW COLUMNS FROM `kshd` [ RunTime:0.019766s ]
SQL: INSERT INTO `kshd` (`kjj_id`,`ks_time`,`k_time`,`j_time`,`on_off`,`bm_time`) VALUES ('44','2014-03-24','2014-03-17','2014-03-26','true',1395351017) [ RunTime:0.069144s ]
INFO: [ view_parse ] --START--
INFO: ParseTemplate Behavior ::run [ RunTime:0.013572s ]
INFO: [ view_parse ] --END-- [ RunTime:0.013650s ]
INFO: [ view_filter ] --START--
NOTIC: [8] Use of undefined constant APP_TMPL_PATH - assumed 'APP_TMPL_PATH' D:\webw\test\wwzz\gjyphp\xmyk\ThinkPHP\Lib\Behavior\ContentReplaceBehavior.class.php 第 40 行.
NOTIC: [8] Use of undefined constant APP_TMPL_PATH - assumed 'APP_TMPL_PATH' D:\webw\test\wwzz\gjyphp\xmyk\ThinkPHP\Lib\Behavior\ContentReplaceBehavior.class.php 第 47 行.
INFO: ContentReplace Behavior ::run [ RunTime:0.001437s ]
INFO: TokenBuild Behavior ::run [ RunTime:0.000910s ]
INFO: WriteHtmlCache Behavior ::run [ RunTime:0.001229s ]
INFO: ShowRuntime Behavior ::run [ RunTime:0.001510s ]
INFO: [ view_filter ] --END-- [ RunTime:0.005281s ]
INFO: [ view_end ] --START--
INFO: ShowPageTrace Behavior ::run [ RunTime:0.001653s ]
INFO: [ view_end ] --END-- [ RunTime:0.001720s ]

[ 2014-03-21T05:30:40+08:00 ] 83.100.228.84 /wwzz/gjyphp/xmyk/index.php/Admin/ks_add
INFO: [ route_check ] --START--
INFO: CheckRoute Behavior ::run [ RunTime:0.001152s ]
INFO: [ route_check ] --END-- [ RunTime:0.001212s ]
INFO: [ app_begin ] --START--
INFO: ReadHtmlCache Behavior ::run [ RunTime:0.000948s ]
INFO: [ app_begin ] --END-- [ RunTime:0.000994s ]
SQL: SHOW COLUMNS FROM `kshd` [ RunTime:0.000811s ]
SQL: INSERT INTO `kshd` (`kjj_id`,`ks_time`,`k_time`,`j_time`,`on_off`,`bm_time`) VALUES ('43','2014-03-15','2014-02-03','2014-03-10','true',1395351040) [ RunTime:0.024734s ]
INFO: [ view_parse ] --START--
INFO: ParseTemplate Behavior ::run [ RunTime:0.001496s ]
INFO: [ view_parse ] --END-- [ RunTime:0.001543s ]
INFO: [ view_filter ] --START--
NOTIC: [8] Use of undefined constant APP_TMPL_PATH - assumed 'APP_TMPL_PATH' D:\webw\test\wwzz\gjyphp\xmyk\ThinkPHP\Lib\Behavior\ContentReplaceBehavior.class.php 第 40 行.
NOTIC: [8] Use of undefined constant APP_TMPL_PATH - assumed 'APP_TMPL_PATH' D:\webw\test\wwzz\gjyphp\xmyk\ThinkPHP\Lib\Behavior\ContentReplaceBehavior.class.php 第 47 行.
INFO: ContentReplace Behavior ::run [ RunTime:0.000835s ]
INFO: TokenBuild Behavior ::run [ RunTime:0.000829s ]
INFO: WriteHtmlCache Behavior ::run [ RunTime:0.000729s ]
INFO: ShowRuntime Behavior ::run [ RunTime:0.000893s ]
INFO: [ view_filter ] --END-- [ RunTime:0.003406s ]
INFO: [ view_end ] --START--
INFO: ShowPageTrace Behavior ::run [ RunTime:0.000993s ]
INFO: [ view_end ] --END-- [ RunTime:0.001035s ]

[ 2014-03-21T05:30:51+08:00 ] 83.100.228.84 /wwzz/gjyphp/xmyk/index.php/Admin/ks_select
INFO: [ route_check ] --START--
INFO: CheckRoute Behavior ::run [ RunTime:0.001150s ]
INFO: [ route_check ] --END-- [ RunTime:0.001212s ]
INFO: [ app_begin ] --START--
INFO: ReadHtmlCache Behavior ::run [ RunTime:0.000940s ]
INFO: [ app_begin ] --END-- [ RunTime:0.000983s ]
SQL: SHOW COLUMNS FROM `kshd` [ RunTime:0.000780s ]
SQL: SELECT * FROM `kshd`  [ RunTime:0.000202s ]
SQL: SHOW COLUMNS FROM `kjj` [ RunTime:0.000707s ]
SQL: SELECT * FROM `kjj` WHERE ( 1=1 AND bm_id='39' ) LIMIT 1   [ RunTime:0.000202s ]
SQL: SELECT * FROM `kjj` WHERE ( 1=1 AND bm_id='40' ) LIMIT 1   [ RunTime:0.000134s ]
SQL: SELECT * FROM `kjj` WHERE ( 1=1 AND bm_id='43' ) LIMIT 1   [ RunTime:0.000140s ]
SQL: SELECT * FROM `kjj` WHERE ( 1=1 AND bm_id='44' ) LIMIT 1   [ RunTime:0.000128s ]
SQL: SELECT * FROM `kjj` WHERE ( 1=1 AND bm_id='43' ) LIMIT 1   [ RunTime:0.000076s ]
INFO: [ view_parse ] --START--
INFO: ParseTemplate Behavior ::run [ RunTime:0.016288s ]
INFO: [ view_parse ] --END-- [ RunTime:0.016341s ]
INFO: [ view_filter ] --START--
INFO: ContentReplace Behavior ::run [ RunTime:0.000795s ]
INFO: TokenBuild Behavior ::run [ RunTime:0.000884s ]
INFO: WriteHtmlCache Behavior ::run [ RunTime:0.000724s ]
INFO: ShowRuntime Behavior ::run [ RunTime:0.000884s ]
INFO: [ view_filter ] --END-- [ RunTime:0.003405s ]
INFO: [ view_end ] --START--
INFO: ShowPageTrace Behavior ::run [ RunTime:0.000993s ]
INFO: [ view_end ] --END-- [ RunTime:0.001034s ]

[ 2014-03-21T05:31:02+08:00 ] 83.100.228.84 /wwzz/gjyphp/xmyk/index.php/Admin/zy_select
INFO: [ route_check ] --START--
INFO: CheckRoute Behavior ::run [ RunTime:0.000905s ]
INFO: [ route_check ] --END-- [ RunTime:0.000977s ]
INFO: [ app_begin ] --START--
INFO: ReadHtmlCache Behavior ::run [ RunTime:0.000963s ]
INFO: [ app_begin ] --END-- [ RunTime:0.001012s ]
SQL: SHOW COLUMNS FROM `zygl` [ RunTime:0.058269s ]
SQL: SELECT * FROM `zygl`  [ RunTime:0.000214s ]
INFO: [ view_parse ] --START--
INFO: ParseTemplate Behavior ::run [ RunTime:0.160911s ]
INFO: [ view_parse ] --END-- [ RunTime:0.160977s ]
INFO: [ view_filter ] --START--
INFO: ContentReplace Behavior ::run [ RunTime:0.000586s ]
INFO: TokenBuild Behavior ::run [ RunTime:0.000828s ]
INFO: WriteHtmlCache Behavior ::run [ RunTime:0.000749s ]
INFO: ShowRuntime Behavior ::run [ RunTime:0.000900s ]
INFO: [ view_filter ] --END-- [ RunTime:0.003191s ]
INFO: [ view_end ] --START--
INFO: ShowPageTrace Behavior ::run [ RunTime:0.001036s ]
INFO: [ view_end ] --END-- [ RunTime:0.001083s ]

[ 2014-03-21T05:31:06+08:00 ] 83.100.228.84 /wwzz/gjyphp/xmyk/index.php/Admin/cb_select
INFO: [ route_check ] --START--
INFO: CheckRoute Behavior ::run [ RunTime:0.000627s ]
INFO: [ route_check ] --END-- [ RunTime:0.000696s ]
INFO: [ app_begin ] --START--
INFO: ReadHtmlCache Behavior ::run [ RunTime:0.000849s ]
INFO: [ app_begin ] --END-- [ RunTime:0.000895s ]
SQL: SHOW COLUMNS FROM `kjj` [ RunTime:0.000889s ]
SQL: SELECT * FROM `kjj`  [ RunTime:0.000152s ]
INFO: [ view_parse ] --START--
INFO: ParseTemplate Behavior ::run [ RunTime:0.091735s ]
INFO: [ view_parse ] --END-- [ RunTime:0.091837s ]
INFO: [ view_filter ] --START--
INFO: ContentReplace Behavior ::run [ RunTime:0.000452s ]
INFO: TokenBuild Behavior ::run [ RunTime:0.001264s ]
INFO: WriteHtmlCache Behavior ::run [ RunTime:0.001126s ]
INFO: ShowRuntime Behavior ::run [ RunTime:0.001270s ]
INFO: [ view_filter ] --END-- [ RunTime:0.004311s ]
INFO: [ view_end ] --START--
INFO: ShowPageTrace Behavior ::run [ RunTime:0.001463s ]
INFO: [ view_end ] --END-- [ RunTime:0.001526s ]

[ 2014-03-21T05:31:21+08:00 ] 83.100.228.84 /wwzz/gjyphp/xmyk/index.php/Home/kshd_sele
INFO: [ route_check ] --START--
INFO: CheckRoute Behavior ::run [ RunTime:0.001152s ]
INFO: [ route_check ] --END-- [ RunTime:0.001215s ]
INFO: [ app_begin ] --START--
INFO: ReadHtmlCache Behavior ::run [ RunTime:0.000941s ]
INFO: [ app_begin ] --END-- [ RunTime:0.000985s ]
SQL: SHOW COLUMNS FROM `kshd` [ RunTime:0.000891s ]
SQL: SHOW COLUMNS FROM `kjj` [ RunTime:0.000689s ]
NOTIC: 建议使用I方法替代_post
SQL: SELECT * FROM `kjj` WHERE ( bm_bm=476533 )  [ RunTime:0.000190s ]
SQL: SELECT * FROM `kshd` WHERE ( kjj_id=44 and k_time<='2014-03-21' and j_time>='2014-03-21' and on_off='true'  )  [ RunTime:0.000190s ]
SQL: SHOW COLUMNS FROM `zygl` [ RunTime:0.000639s ]
SQL: SELECT * FROM `zygl`  [ RunTime:0.000159s ]
NOTIC: 建议使用I方法替代_post
INFO: [ view_parse ] --START--
NOTIC: [8] Undefined index:  bm_name D:\webw\test\wwzz\gjyphp\xmyk\app\Runtime\Cache\fa643365b98d76a88a7ca717e9966187.php 第 11 行.
NOTIC: [8] Undefined index:  bm_py D:\webw\test\wwzz\gjyphp\xmyk\app\Runtime\Cache\fa643365b98d76a88a7ca717e9966187.php 第 15 行.
NOTIC: [8] Undefined index:  bm_sex D:\webw\test\wwzz\gjyphp\xmyk\app\Runtime\Cache\fa643365b98d76a88a7ca717e9966187.php 第 20 行.
NOTIC: [8] Undefined index:  bm_sex D:\webw\test\wwzz\gjyphp\xmyk\app\Runtime\Cache\fa643365b98d76a88a7ca717e9966187.php 第 21 行.
NOTIC: [8] Undefined index:  bm_csdate D:\webw\test\wwzz\gjyphp\xmyk\app\Runtime\Cache\fa643365b98d76a88a7ca717e9966187.php 第 29 行.
NOTIC: [8] Undefined index:  bm_csdate D:\webw\test\wwzz\gjyphp\xmyk\app\Runtime\Cache\fa643365b98d76a88a7ca717e9966187.php 第 33 行.
NOTIC: [8] Undefined index:  bm_cell D:\webw\test\wwzz\gjyphp\xmyk\app\Runtime\Cache\fa643365b98d76a88a7ca717e9966187.php 第 38 行.
NOTIC: [8] Undefined index:  bm_mz D:\webw\test\wwzz\gjyphp\xmyk\app\Runtime\Cache\fa643365b98d76a88a7ca717e9966187.php 第 43 行.
NOTIC: [8] Undefined index:  bm_mail D:\webw\test\wwzz\gjyphp\xmyk\app\Runtime\Cache\fa643365b98d76a88a7ca717e9966187.php 第 52 行.
NOTIC: [8] Undefined index:  bm_add D:\webw\test\wwzz\gjyphp\xmyk\app\Runtime\Cache\fa643365b98d76a88a7ca717e9966187.php 第 56 行.
NOTIC: [8] Undefined index:  bm_zy_id D:\webw\test\wwzz\gjyphp\xmyk\app\Runtime\Cache\fa643365b98d76a88a7ca717e9966187.php 第 63 行.
NOTIC: [8] Undefined index:  bm_zy_id D:\webw\test\wwzz\gjyphp\xmyk\app\Runtime\Cache\fa643365b98d76a88a7ca717e9966187.php 第 63 行.
NOTIC: [8] Undefined index:  bm_zy_id D:\webw\test\wwzz\gjyphp\xmyk\app\Runtime\Cache\fa643365b98d76a88a7ca717e9966187.php 第 63 行.
NOTIC: [8] Undefined index:  bm_zy_id D:\webw\test\wwzz\gjyphp\xmyk\app\Runtime\Cache\fa643365b98d76a88a7ca717e9966187.php 第 63 行.
NOTIC: [8] Undefined index:  bm_zy_id D:\webw\test\wwzz\gjyphp\xmyk\app\Runtime\Cache\fa643365b98d76a88a7ca717e9966187.php 第 63 行.
NOTIC: [8] Undefined index:  bm_zy_id D:\webw\test\wwzz\gjyphp\xmyk\app\Runtime\Cache\fa643365b98d76a88a7ca717e9966187.php 第 63 行.
NOTIC: [8] Undefined index:  bm_zy_id D:\webw\test\wwzz\gjyphp\xmyk\app\Runtime\Cache\fa643365b98d76a88a7ca717e9966187.php 第 63 行.
NOTIC: [8] Undefined index:  bm_zy_id D:\webw\test\wwzz\gjyphp\xmyk\app\Runtime\Cache\fa643365b98d76a88a7ca717e9966187.php 第 63 行.
NOTIC: [8] Undefined index:  bm_zy_id D:\webw\test\wwzz\gjyphp\xmyk\app\Runtime\Cache\fa643365b98d76a88a7ca717e9966187.php 第 63 行.
NOTIC: [8] Undefined index:  bm_zy_id D:\webw\test\wwzz\gjyphp\xmyk\app\Runtime\Cache\fa643365b98d76a88a7ca717e9966187.php 第 63 行.
NOTIC: [8] Undefined index:  bm_zy_id D:\webw\test\wwzz\gjyphp\xmyk\app\Runtime\Cache\fa643365b98d76a88a7ca717e9966187.php 第 63 行.
NOTIC: [8] Undefined index:  bm_level D:\webw\test\wwzz\gjyphp\xmyk\app\Runtime\Cache\fa643365b98d76a88a7ca717e9966187.php 第 69 行.
NOTIC: [8] Undefined index:  bm_level D:\webw\test\wwzz\gjyphp\xmyk\app\Runtime\Cache\fa643365b98d76a88a7ca717e9966187.php 第 69 行.
NOTIC: [8] Undefined index:  bm_level D:\webw\test\wwzz\gjyphp\xmyk\app\Runtime\Cache\fa643365b98d76a88a7ca717e9966187.php 第 69 行.
NOTIC: [8] Undefined index:  bm_level D:\webw\test\wwzz\gjyphp\xmyk\app\Runtime\Cache\fa643365b98d76a88a7ca717e9966187.php 第 69 行.
NOTIC: [8] Undefined index:  bm_level D:\webw\test\wwzz\gjyphp\xmyk\app\Runtime\Cache\fa643365b98d76a88a7ca717e9966187.php 第 69 行.
NOTIC: [8] Undefined index:  bm_level D:\webw\test\wwzz\gjyphp\xmyk\app\Runtime\Cache\fa643365b98d76a88a7ca717e9966187.php 第 69 行.
NOTIC: [8] Undefined index:  bm_level D:\webw\test\wwzz\gjyphp\xmyk\app\Runtime\Cache\fa643365b98d76a88a7ca717e9966187.php 第 69 行.
NOTIC: [8] Undefined index:  bm_ylevel D:\webw\test\wwzz\gjyphp\xmyk\app\Runtime\Cache\fa643365b98d76a88a7ca717e9966187.php 第 79 行.
NOTIC: [8] Undefined index:  bm_ylevel D:\webw\test\wwzz\gjyphp\xmyk\app\Runtime\Cache\fa643365b98d76a88a7ca717e9966187.php 第 79 行.
NOTIC: [8] Undefined index:  bm_ylevel D:\webw\test\wwzz\gjyphp\xmyk\app\Runtime\Cache\fa643365b98d76a88a7ca717e9966187.php 第 79 行.
NOTIC: [8] Undefined index:  bm_ylevel D:\webw\test\wwzz\gjyphp\xmyk\app\Runtime\Cache\fa643365b98d76a88a7ca717e9966187.php 第 79 行.
NOTIC: [8] Undefined index:  bm_ylevel D:\webw\test\wwzz\gjyphp\xmyk\app\Runtime\Cache\fa643365b98d76a88a7ca717e9966187.php 第 79 行.
NOTIC: [8] Undefined index:  bm_ylevel D:\webw\test\wwzz\gjyphp\xmyk\app\Runtime\Cache\fa643365b98d76a88a7ca717e9966187.php 第 79 行.
NOTIC: [8] Undefined index:  bm_ylevel D:\webw\test\wwzz\gjyphp\xmyk\app\Runtime\Cache\fa643365b98d76a88a7ca717e9966187.php 第 79 行.
INFO: ParseTemplate Behavior ::run [ RunTime:0.082180s ]
INFO: [ view_parse ] --END-- [ RunTime:0.082244s ]
INFO: [ view_filter ] --START--
INFO: ContentReplace Behavior ::run [ RunTime:0.000848s ]
INFO: TokenBuild Behavior ::run [ RunTime:0.000890s ]
INFO: WriteHtmlCache Behavior ::run [ RunTime:0.000750s ]
INFO: ShowRuntime Behavior ::run [ RunTime:0.000904s ]
INFO: [ view_filter ] --END-- [ RunTime:0.003513s ]
INFO: [ view_end ] --START--
INFO: ShowPageTrace Behavior ::run [ RunTime:0.001026s ]
INFO: [ view_end ] --END-- [ RunTime:0.001072s ]

[ 2014-03-21T05:31:35+08:00 ] 83.100.228.84 /wwzz/gjyphp/xmyk/index.php/Admin/ks_select
INFO: [ route_check ] --START--
INFO: CheckRoute Behavior ::run [ RunTime:0.000639s ]
INFO: [ route_check ] --END-- [ RunTime:0.000702s ]
INFO: [ app_begin ] --START--
INFO: ReadHtmlCache Behavior ::run [ RunTime:0.000859s ]
INFO: [ app_begin ] --END-- [ RunTime:0.000902s ]
SQL: SHOW COLUMNS FROM `kshd` [ RunTime:0.000846s ]
SQL: SELECT * FROM `kshd`  [ RunTime:0.000152s ]
SQL: SHOW COLUMNS FROM `kjj` [ RunTime:0.000688s ]
SQL: SELECT * FROM `kjj` WHERE ( 1=1 AND bm_id='39' ) LIMIT 1   [ RunTime:0.000125s ]
SQL: SELECT * FROM `kjj` WHERE ( 1=1 AND bm_id='40' ) LIMIT 1   [ RunTime:0.000077s ]
SQL: SELECT * FROM `kjj` WHERE ( 1=1 AND bm_id='43' ) LIMIT 1   [ RunTime:0.000074s ]
SQL: SELECT * FROM `kjj` WHERE ( 1=1 AND bm_id='44' ) LIMIT 1   [ RunTime:0.000072s ]
SQL: SELECT * FROM `kjj` WHERE ( 1=1 AND bm_id='43' ) LIMIT 1   [ RunTime:0.000076s ]
INFO: [ view_parse ] --START--
INFO: ParseTemplate Behavior ::run [ RunTime:0.008046s ]
INFO: [ view_parse ] --END-- [ RunTime:0.008098s ]
INFO: [ view_filter ] --START--
INFO: ContentReplace Behavior ::run [ RunTime:0.000283s ]
INFO: TokenBuild Behavior ::run [ RunTime:0.000846s ]
INFO: WriteHtmlCache Behavior ::run [ RunTime:0.000738s ]
INFO: ShowRuntime Behavior ::run [ RunTime:0.000924s ]
INFO: [ view_filter ] --END-- [ RunTime:0.002909s ]
INFO: [ view_end ] --START--
INFO: ShowPageTrace Behavior ::run [ RunTime:0.001024s ]
INFO: [ view_end ] --END-- [ RunTime:0.001065s ]

[ 2014-03-21T05:31:45+08:00 ] 83.100.228.84 /wwzz/gjyphp/xmyk/index.php/Admin/cb_select
INFO: [ route_check ] --START--
INFO: CheckRoute Behavior ::run [ RunTime:0.001921s ]
INFO: [ route_check ] --END-- [ RunTime:0.002038s ]
INFO: [ app_begin ] --START--
INFO: ReadHtmlCache Behavior ::run [ RunTime:0.001605s ]
INFO: [ app_begin ] --END-- [ RunTime:0.001679s ]
SQL: SHOW COLUMNS FROM `kjj` [ RunTime:0.000884s ]
SQL: SELECT * FROM `kjj`  [ RunTime:0.000101s ]
INFO: [ view_parse ] --START--
INFO: ParseTemplate Behavior ::run [ RunTime:0.009667s ]
INFO: [ view_parse ] --END-- [ RunTime:0.009737s ]
INFO: [ view_filter ] --START--
INFO: ContentReplace Behavior ::run [ RunTime:0.000833s ]
INFO: TokenBuild Behavior ::run [ RunTime:0.000836s ]
INFO: WriteHtmlCache Behavior ::run [ RunTime:0.000741s ]
INFO: ShowRuntime Behavior ::run [ RunTime:0.000900s ]
INFO: [ view_filter ] --END-- [ RunTime:0.003430s ]
INFO: [ view_end ] --START--
INFO: ShowPageTrace Behavior ::run [ RunTime:0.001010s ]
INFO: [ view_end ] --END-- [ RunTime:0.001052s ]

[ 2014-03-21T05:32:07+08:00 ] 83.100.228.84 /wwzz/gjyphp/xmyk/index.php/Home
INFO: [ route_check ] --START--
INFO: CheckRoute Behavior ::run [ RunTime:0.001190s ]
INFO: [ route_check ] --END-- [ RunTime:0.001266s ]
INFO: [ app_begin ] --START--
INFO: ReadHtmlCache Behavior ::run [ RunTime:0.000975s ]
INFO: [ app_begin ] --END-- [ RunTime:0.001032s ]
INFO: [ view_parse ] --START--
INFO: ParseTemplate Behavior ::run [ RunTime:0.108025s ]
INFO: [ view_parse ] --END-- [ RunTime:0.108114s ]
INFO: [ view_filter ] --START--
INFO: ContentReplace Behavior ::run [ RunTime:0.000875s ]
INFO: TokenBuild Behavior ::run [ RunTime:0.000824s ]
INFO: WriteHtmlCache Behavior ::run [ RunTime:0.000721s ]
INFO: ShowRuntime Behavior ::run [ RunTime:0.000903s ]
INFO: [ view_filter ] --END-- [ RunTime:0.003465s ]
INFO: [ view_end ] --START--
INFO: ShowPageTrace Behavior ::run [ RunTime:0.001029s ]
INFO: [ view_end ] --END-- [ RunTime:0.001086s ]

[ 2014-03-21T05:32:11+08:00 ] 83.100.228.84 /wwzz/gjyphp/xmyk/index.php/Home/kshd_sele
INFO: [ route_check ] --START--
INFO: CheckRoute Behavior ::run [ RunTime:0.001169s ]
INFO: [ route_check ] --END-- [ RunTime:0.001231s ]
INFO: [ app_begin ] --START--
INFO: ReadHtmlCache Behavior ::run [ RunTime:0.000956s ]
INFO: [ app_begin ] --END-- [ RunTime:0.001002s ]
SQL: SHOW COLUMNS FROM `kshd` [ RunTime:0.000859s ]
SQL: SHOW COLUMNS FROM `kjj` [ RunTime:0.000661s ]
NOTIC: 建议使用I方法替代_post
SQL: SELECT * FROM `kjj` WHERE ( bm_bm=505615 )  [ RunTime:0.000179s ]
SQL: SELECT * FROM `kshd` WHERE ( kjj_id=43 and k_time<='2014-03-21' and j_time>='2014-03-21' and on_off='true'  )  [ RunTime:0.000226s ]

[ 2014-03-21T05:32:27+08:00 ] 83.100.228.84 /wwzz/gjyphp/xmyk/index.php/Home/kshd_sele
INFO: [ route_check ] --START--
INFO: CheckRoute Behavior ::run [ RunTime:0.001905s ]
INFO: [ route_check ] --END-- [ RunTime:0.002003s ]
INFO: [ app_begin ] --START--
INFO: ReadHtmlCache Behavior ::run [ RunTime:0.001584s ]
INFO: [ app_begin ] --END-- [ RunTime:0.001657s ]
SQL: SHOW COLUMNS FROM `kshd` [ RunTime:0.000837s ]
SQL: SHOW COLUMNS FROM `kjj` [ RunTime:0.000632s ]
NOTIC: 建议使用I方法替代_post
SQL: SELECT * FROM `kjj` WHERE ( bm_bm=144789 )  [ RunTime:0.000287s ]
SQL: SELECT * FROM `kshd` WHERE ( kjj_id=42 and k_time<='2014-03-21' and j_time>='2014-03-21' and on_off='true'  )  [ RunTime:0.000245s ]

[ 2014-03-21T05:35:16+08:00 ] 83.100.228.84 /wwzz/gjyphp/xmyk/index.php/Home/kshd_sele
INFO: [ route_check ] --START--
INFO: CheckRoute Behavior ::run [ RunTime:0.001180s ]
INFO: [ route_check ] --END-- [ RunTime:0.001250s ]
INFO: [ app_begin ] --START--
INFO: ReadHtmlCache Behavior ::run [ RunTime:0.000977s ]
INFO: [ app_begin ] --END-- [ RunTime:0.001024s ]
SQL: SHOW COLUMNS FROM `kshd` [ RunTime:0.000891s ]
SQL: SHOW COLUMNS FROM `kjj` [ RunTime:0.000697s ]
NOTIC: 建议使用I方法替代_post
SQL: SELECT * FROM `kjj` WHERE ( bm_bm=144789 )  [ RunTime:0.000094s ]
SQL: SELECT * FROM `kshd` WHERE ( kjj_id=42 and k_time<='2014-03-21' and j_time>='2014-03-21' and on_off='true'  )  [ RunTime:0.000072s ]

[ 2014-03-21T05:36:20+08:00 ] 83.100.228.84 /wwzz/gjyphp/xmyk/index.php/Admin/ksbm_select
INFO: [ route_check ] --START--
INFO: CheckRoute Behavior ::run [ RunTime:0.001296s ]
INFO: [ route_check ] --END-- [ RunTime:0.001409s ]
INFO: [ app_begin ] --START--
INFO: ReadHtmlCache Behavior ::run [ RunTime:0.001026s ]
INFO: [ app_begin ] --END-- [ RunTime:0.001081s ]
NOTIC: 建议使用I方法替代_post
SQL: SHOW COLUMNS FROM `kjj` [ RunTime:0.001214s ]
SQL: SELECT * FROM `kjj`  [ RunTime:0.000225s ]
SQL: SHOW COLUMNS FROM `zygl` [ RunTime:0.000937s ]
SQL: SELECT * FROM `zygl`  [ RunTime:0.000201s ]
SQL: SHOW COLUMNS FROM `ksbm` [ RunTime:0.082523s ]
SQL: SELECT COUNT(*) AS tp_count FROM `ksbm` WHERE (  id<>0  ) LIMIT 1   [ RunTime:0.000290s ]
SQL: SELECT * FROM `ksbm` WHERE (  id<>0  ) ORDER BY bm_time LIMIT 0,30   [ RunTime:0.000241s ]
INFO: [ view_parse ] --START--
INFO: ParseTemplate Behavior ::run [ RunTime:0.045696s ]
INFO: [ view_parse ] --END-- [ RunTime:0.045796s ]
INFO: [ view_filter ] --START--
INFO: ContentReplace Behavior ::run [ RunTime:0.000663s ]
INFO: TokenBuild Behavior ::run [ RunTime:0.000565s ]
INFO: WriteHtmlCache Behavior ::run [ RunTime:0.000468s ]
INFO: ShowRuntime Behavior ::run [ RunTime:0.000639s ]
INFO: [ view_filter ] --END-- [ RunTime:0.002454s ]
INFO: [ view_end ] --START--
INFO: ShowPageTrace Behavior ::run [ RunTime:0.000757s ]
INFO: [ view_end ] --END-- [ RunTime:0.000803s ]

[ 2014-03-21T05:37:17+08:00 ] 83.100.228.84 /wwzz/gjyphp/xmyk/index.php/Admin/bm_quit
INFO: [ route_check ] --START--
INFO: CheckRoute Behavior ::run [ RunTime:0.000909s ]
INFO: [ route_check ] --END-- [ RunTime:0.000971s ]
INFO: [ app_begin ] --START--
INFO: ReadHtmlCache Behavior ::run [ RunTime:0.000701s ]
INFO: [ app_begin ] --END-- [ RunTime:0.000753s ]
NOTIC: [8] Undefined index:  action D:\webw\test\wwzz\gjyphp\xmyk\app\Lib\Action\AdminAction.class.php 第 26 行.
INFO: [ view_parse ] --START--
NOTIC: [8] Undefined variable: h D:\webw\test\wwzz\gjyphp\xmyk\app\Runtime\Cache\b13352dcb5f3f616c3d6196742053667.php 第 17 行.
INFO: ParseTemplate Behavior ::run [ RunTime:0.044462s ]
INFO: [ view_parse ] --END-- [ RunTime:0.044524s ]
INFO: [ view_filter ] --START--
INFO: ContentReplace Behavior ::run [ RunTime:0.000551s ]
INFO: TokenBuild Behavior ::run [ RunTime:0.000550s ]
INFO: WriteHtmlCache Behavior ::run [ RunTime:0.000462s ]
INFO: ShowRuntime Behavior ::run [ RunTime:0.000626s ]
INFO: [ view_filter ] --END-- [ RunTime:0.002318s ]
INFO: [ view_end ] --START--
INFO: ShowPageTrace Behavior ::run [ RunTime:0.000748s ]
INFO: [ view_end ] --END-- [ RunTime:0.000798s ]

[ 2014-03-21T05:38:00+08:00 ] 83.100.228.84 /wwzz/gjyphp/xmyk/index.php/Admin/bm_quit/action/1
INFO: [ route_check ] --START--
INFO: CheckRoute Behavior ::run [ RunTime:0.000912s ]
INFO: [ route_check ] --END-- [ RunTime:0.000976s ]
INFO: [ app_begin ] --START--
INFO: ReadHtmlCache Behavior ::run [ RunTime:0.000703s ]
INFO: [ app_begin ] --END-- [ RunTime:0.000756s ]
SQL: SHOW COLUMNS FROM `bm_admin` [ RunTime:0.000844s ]
SQL: SELECT * FROM `bm_admin` WHERE ( name="21nic" AND password="880d45eb62d70418dff7bade4488f0a3" )  [ RunTime:0.000088s ]
INFO: [ view_parse ] --START--
INFO: ParseTemplate Behavior ::run [ RunTime:0.043096s ]
INFO: [ view_parse ] --END-- [ RunTime:0.043157s ]
INFO: [ view_filter ] --START--
INFO: ContentReplace Behavior ::run [ RunTime:0.000641s ]
INFO: TokenBuild Behavior ::run [ RunTime:0.000570s ]
INFO: WriteHtmlCache Behavior ::run [ RunTime:0.000474s ]
INFO: ShowRuntime Behavior ::run [ RunTime:0.000639s ]
INFO: [ view_filter ] --END-- [ RunTime:0.002458s ]
INFO: [ view_end ] --START--
INFO: ShowPageTrace Behavior ::run [ RunTime:0.000768s ]
INFO: [ view_end ] --END-- [ RunTime:0.000818s ]

[ 2014-03-21T05:47:18+08:00 ] 101.226.66.177 /wwzz/gjyphp/xmyk/index.php/Home
INFO: [ route_check ] --START--
INFO: CheckRoute Behavior ::run [ RunTime:0.000907s ]
INFO: [ route_check ] --END-- [ RunTime:0.000969s ]
INFO: [ app_begin ] --START--
INFO: ReadHtmlCache Behavior ::run [ RunTime:0.000700s ]
INFO: [ app_begin ] --END-- [ RunTime:0.000751s ]
INFO: [ view_parse ] --START--
INFO: ParseTemplate Behavior ::run [ RunTime:0.007736s ]
INFO: [ view_parse ] --END-- [ RunTime:0.007796s ]
INFO: [ view_filter ] --START--
INFO: ContentReplace Behavior ::run [ RunTime:0.000575s ]
INFO: TokenBuild Behavior ::run [ RunTime:0.000555s ]
INFO: WriteHtmlCache Behavior ::run [ RunTime:0.000461s ]
INFO: ShowRuntime Behavior ::run [ RunTime:0.000630s ]
INFO: [ view_filter ] --END-- [ RunTime:0.002348s ]
INFO: [ view_end ] --START--
INFO: ShowPageTrace Behavior ::run [ RunTime:0.000737s ]
INFO: [ view_end ] --END-- [ RunTime:0.000787s ]

[ 2014-03-21T05:49:25+08:00 ] 101.226.66.177 /wwzz/gjyphp/xmyk/index.php/Home/
INFO: [ route_check ] --START--
INFO: CheckRoute Behavior ::run [ RunTime:0.000946s ]
INFO: [ route_check ] --END-- [ RunTime:0.001020s ]
INFO: [ app_begin ] --START--
INFO: ReadHtmlCache Behavior ::run [ RunTime:0.000734s ]
INFO: [ app_begin ] --END-- [ RunTime:0.000789s ]
INFO: [ view_parse ] --START--
INFO: ParseTemplate Behavior ::run [ RunTime:0.011817s ]
INFO: [ view_parse ] --END-- [ RunTime:0.011901s ]
INFO: [ view_filter ] --START--
INFO: ContentReplace Behavior ::run [ RunTime:0.000635s ]
INFO: TokenBuild Behavior ::run [ RunTime:0.000591s ]
INFO: WriteHtmlCache Behavior ::run [ RunTime:0.000487s ]
INFO: ShowRuntime Behavior ::run [ RunTime:0.000838s ]
INFO: [ view_filter ] --END-- [ RunTime:0.002686s ]
INFO: [ view_end ] --START--
INFO: ShowPageTrace Behavior ::run [ RunTime:0.000777s ]
INFO: [ view_end ] --END-- [ RunTime:0.000829s ]

[ 2014-03-21T05:52:37+08:00 ] 101.226.66.177 /wwzz/gjyphp/xmyk/index.php/Home/
INFO: [ route_check ] --START--
INFO: CheckRoute Behavior ::run [ RunTime:0.000908s ]
INFO: [ route_check ] --END-- [ RunTime:0.000972s ]
INFO: [ app_begin ] --START--
INFO: ReadHtmlCache Behavior ::run [ RunTime:0.000716s ]
INFO: [ app_begin ] --END-- [ RunTime:0.000767s ]
INFO: [ view_parse ] --START--
INFO: ParseTemplate Behavior ::run [ RunTime:0.008270s ]
INFO: [ view_parse ] --END-- [ RunTime:0.008335s ]
INFO: [ view_filter ] --START--
INFO: ContentReplace Behavior ::run [ RunTime:0.000576s ]
INFO: TokenBuild Behavior ::run [ RunTime:0.000558s ]
INFO: WriteHtmlCache Behavior ::run [ RunTime:0.000466s ]
INFO: ShowRuntime Behavior ::run [ RunTime:0.000631s ]
INFO: [ view_filter ] --END-- [ RunTime:0.002360s ]
INFO: [ view_end ] --START--
INFO: ShowPageTrace Behavior ::run [ RunTime:0.000737s ]
INFO: [ view_end ] --END-- [ RunTime:0.000787s ]

[ 2014-03-21T06:07:16+08:00 ] 180.153.201.64 /wwzz/gjyphp/xmyk/index.php/Admin/bm_quit
INFO: [ route_check ] --START--
INFO: CheckRoute Behavior ::run [ RunTime:0.001514s ]
INFO: [ route_check ] --END-- [ RunTime:0.001636s ]
INFO: [ app_begin ] --START--
INFO: ReadHtmlCache Behavior ::run [ RunTime:0.001095s ]
INFO: [ app_begin ] --END-- [ RunTime:0.001187s ]
NOTIC: [8] Undefined index:  action D:\webw\test\wwzz\gjyphp\xmyk\app\Lib\Action\AdminAction.class.php 第 26 行.
INFO: [ view_parse ] --START--
NOTIC: [8] Undefined variable: h D:\webw\test\wwzz\gjyphp\xmyk\app\Runtime\Cache\b13352dcb5f3f616c3d6196742053667.php 第 17 行.
INFO: ParseTemplate Behavior ::run [ RunTime:0.013960s ]
INFO: [ view_parse ] --END-- [ RunTime:0.014054s ]
INFO: [ view_filter ] --START--
INFO: ContentReplace Behavior ::run [ RunTime:0.000621s ]
INFO: TokenBuild Behavior ::run [ RunTime:0.000642s ]
INFO: WriteHtmlCache Behavior ::run [ RunTime:0.000730s ]
INFO: ShowRuntime Behavior ::run [ RunTime:0.000992s ]
INFO: [ view_filter ] --END-- [ RunTime:0.003177s ]
INFO: [ view_end ] --START--
INFO: ShowPageTrace Behavior ::run [ RunTime:0.001189s ]
INFO: [ view_end ] --END-- [ RunTime:0.001270s ]

[ 2014-03-21T06:08:00+08:00 ] 101.226.33.225 /wwzz/gjyphp/xmyk/index.php/Admin/bm_quit/action/1
INFO: [ route_check ] --START--
INFO: CheckRoute Behavior ::run [ RunTime:0.000950s ]
INFO: [ route_check ] --END-- [ RunTime:0.001056s ]
INFO: [ app_begin ] --START--
INFO: ReadHtmlCache Behavior ::run [ RunTime:0.000687s ]
INFO: [ app_begin ] --END-- [ RunTime:0.000771s ]
NOTIC: [8] Undefined index:  username D:\webw\test\wwzz\gjyphp\xmyk\app\Lib\Action\AdminAction.class.php 第 27 行.
NOTIC: [8] Undefined index:  password D:\webw\test\wwzz\gjyphp\xmyk\app\Lib\Action\AdminAction.class.php 第 28 行.
SQL: SHOW COLUMNS FROM `bm_admin` [ RunTime:0.021348s ]
SQL: SELECT * FROM `bm_admin` WHERE ( name="" AND password="d41d8cd98f00b204e9800998ecf8427e" )  [ RunTime:0.000104s ]
INFO: [ view_parse ] --START--
INFO: ParseTemplate Behavior ::run [ RunTime:0.007437s ]
INFO: [ view_parse ] --END-- [ RunTime:0.007529s ]
INFO: [ view_filter ] --START--
INFO: ContentReplace Behavior ::run [ RunTime:0.000433s ]
INFO: TokenBuild Behavior ::run [ RunTime:0.000431s ]
INFO: WriteHtmlCache Behavior ::run [ RunTime:0.000292s ]
INFO: ShowRuntime Behavior ::run [ RunTime:0.000550s ]
INFO: [ view_filter ] --END-- [ RunTime:0.001915s ]
INFO: [ view_end ] --START--
INFO: ShowPageTrace Behavior ::run [ RunTime:0.000694s ]
INFO: [ view_end ] --END-- [ RunTime:0.000772s ]

[ 2014-03-21T06:08:00+08:00 ] 101.226.33.225 /wwzz/gjyphp/xmyk/index.php/Admin/bm_quit/action/1/
INFO: [ route_check ] --START--
INFO: CheckRoute Behavior ::run [ RunTime:0.000935s ]
INFO: [ route_check ] --END-- [ RunTime:0.001037s ]
INFO: [ app_begin ] --START--
INFO: ReadHtmlCache Behavior ::run [ RunTime:0.000639s ]
INFO: [ app_begin ] --END-- [ RunTime:0.000717s ]
NOTIC: [8] Undefined index:  username D:\webw\test\wwzz\gjyphp\xmyk\app\Lib\Action\AdminAction.class.php 第 27 行.
NOTIC: [8] Undefined index:  password D:\webw\test\wwzz\gjyphp\xmyk\app\Lib\Action\AdminAction.class.php 第 28 行.
SQL: SHOW COLUMNS FROM `bm_admin` [ RunTime:0.001101s ]
SQL: SELECT * FROM `bm_admin` WHERE ( name="" AND password="d41d8cd98f00b204e9800998ecf8427e" )  [ RunTime:0.000184s ]
INFO: [ view_parse ] --START--
INFO: ParseTemplate Behavior ::run [ RunTime:0.010985s ]
INFO: [ view_parse ] --END-- [ RunTime:0.011089s ]
INFO: [ view_filter ] --START--
INFO: ContentReplace Behavior ::run [ RunTime:0.000423s ]
INFO: TokenBuild Behavior ::run [ RunTime:0.000425s ]
INFO: WriteHtmlCache Behavior ::run [ RunTime:0.000288s ]
INFO: ShowRuntime Behavior ::run [ RunTime:0.000546s ]
INFO: [ view_filter ] --END-- [ RunTime:0.001892s ]
INFO: [ view_end ] --START--
INFO: ShowPageTrace Behavior ::run [ RunTime:0.000693s ]
INFO: [ view_end ] --END-- [ RunTime:0.000772s ]

[ 2014-03-21T06:08:00+08:00 ] 101.226.33.225 /wwzz/gjyphp/xmyk/index.php/Admin/bm_quit/action/1/
INFO: [ route_check ] --START--
INFO: CheckRoute Behavior ::run [ RunTime:0.000642s ]
INFO: [ route_check ] --END-- [ RunTime:0.000710s ]
INFO: [ app_begin ] --START--
INFO: ReadHtmlCache Behavior ::run [ RunTime:0.000428s ]
INFO: [ app_begin ] --END-- [ RunTime:0.000478s ]
NOTIC: [8] Undefined index:  username D:\webw\test\wwzz\gjyphp\xmyk\app\Lib\Action\AdminAction.class.php 第 27 行.
NOTIC: [8] Undefined index:  password D:\webw\test\wwzz\gjyphp\xmyk\app\Lib\Action\AdminAction.class.php 第 28 行.
SQL: SHOW COLUMNS FROM `bm_admin` [ RunTime:0.000816s ]
SQL: SELECT * FROM `bm_admin` WHERE ( name="" AND password="d41d8cd98f00b204e9800998ecf8427e" )  [ RunTime:0.000100s ]
INFO: [ view_parse ] --START--
INFO: ParseTemplate Behavior ::run [ RunTime:0.007459s ]
INFO: [ view_parse ] --END-- [ RunTime:0.007549s ]
INFO: [ view_filter ] --START--
INFO: ContentReplace Behavior ::run [ RunTime:0.000413s ]
INFO: TokenBuild Behavior ::run [ RunTime:0.000385s ]
INFO: WriteHtmlCache Behavior ::run [ RunTime:0.000208s ]
INFO: ShowRuntime Behavior ::run [ RunTime:0.000369s ]
INFO: [ view_filter ] --END-- [ RunTime:0.001544s ]
INFO: [ view_end ] --START--
INFO: ShowPageTrace Behavior ::run [ RunTime:0.000509s ]
INFO: [ view_end ] --END-- [ RunTime:0.000559s ]

[ 2014-03-21T06:08:00+08:00 ] 101.226.33.225 /wwzz/gjyphp/xmyk/index.php/Admin/bm_quit/action/1/
INFO: [ route_check ] --START--
INFO: CheckRoute Behavior ::run [ RunTime:0.000626s ]
INFO: [ route_check ] --END-- [ RunTime:0.000687s ]
INFO: [ app_begin ] --START--
INFO: ReadHtmlCache Behavior ::run [ RunTime:0.000423s ]
INFO: [ app_begin ] --END-- [ RunTime:0.000472s ]
NOTIC: [8] Undefined index:  username D:\webw\test\wwzz\gjyphp\xmyk\app\Lib\Action\AdminAction.class.php 第 27 行.
NOTIC: [8] Undefined index:  password D:\webw\test\wwzz\gjyphp\xmyk\app\Lib\Action\AdminAction.class.php 第 28 行.
SQL: SHOW COLUMNS FROM `bm_admin` [ RunTime:0.000778s ]
SQL: SELECT * FROM `bm_admin` WHERE ( name="" AND password="d41d8cd98f00b204e9800998ecf8427e" )  [ RunTime:0.000112s ]
INFO: [ view_parse ] --START--
INFO: ParseTemplate Behavior ::run [ RunTime:0.007042s ]
INFO: [ view_parse ] --END-- [ RunTime:0.007100s ]
INFO: [ view_filter ] --START--
INFO: ContentReplace Behavior ::run [ RunTime:0.000277s ]
INFO: TokenBuild Behavior ::run [ RunTime:0.000282s ]
INFO: WriteHtmlCache Behavior ::run [ RunTime:0.000195s ]
INFO: ShowRuntime Behavior ::run [ RunTime:0.000357s ]
INFO: [ view_filter ] --END-- [ RunTime:0.001238s ]
INFO: [ view_end ] --START--
INFO: ShowPageTrace Behavior ::run [ RunTime:0.000468s ]
INFO: [ view_end ] --END-- [ RunTime:0.000517s ]

[ 2014-03-21T06:08:01+08:00 ] 101.226.33.225 /wwzz/gjyphp/xmyk/index.php/Admin/bm_quit/action/1/
INFO: [ route_check ] --START--
INFO: CheckRoute Behavior ::run [ RunTime:0.000629s ]
INFO: [ route_check ] --END-- [ RunTime:0.000689s ]
INFO: [ app_begin ] --START--
INFO: ReadHtmlCache Behavior ::run [ RunTime:0.000422s ]
INFO: [ app_begin ] --END-- [ RunTime:0.000471s ]
NOTIC: [8] Undefined index:  username D:\webw\test\wwzz\gjyphp\xmyk\app\Lib\Action\AdminAction.class.php 第 27 行.
NOTIC: [8] Undefined index:  password D:\webw\test\wwzz\gjyphp\xmyk\app\Lib\Action\AdminAction.class.php 第 28 行.
SQL: SHOW COLUMNS FROM `bm_admin` [ RunTime:0.000778s ]
SQL: SELECT * FROM `bm_admin` WHERE ( name="" AND password="d41d8cd98f00b204e9800998ecf8427e" )  [ RunTime:0.000130s ]
INFO: [ view_parse ] --START--
INFO: ParseTemplate Behavior ::run [ RunTime:0.007013s ]
INFO: [ view_parse ] --END-- [ RunTime:0.007071s ]
INFO: [ view_filter ] --START--
INFO: ContentReplace Behavior ::run [ RunTime:0.000275s ]
INFO: TokenBuild Behavior ::run [ RunTime:0.000280s ]
INFO: WriteHtmlCache Behavior ::run [ RunTime:0.000207s ]
INFO: ShowRuntime Behavior ::run [ RunTime:0.000358s ]
INFO: [ view_filter ] --END-- [ RunTime:0.001249s ]
INFO: [ view_end ] --START--
INFO: ShowPageTrace Behavior ::run [ RunTime:0.000466s ]
INFO: [ view_end ] --END-- [ RunTime:0.000514s ]

[ 2014-03-21T06:08:01+08:00 ] 101.226.33.225 /wwzz/gjyphp/xmyk/index.php/Admin/bm_quit/action/1/
INFO: [ route_check ] --START--
INFO: CheckRoute Behavior ::run [ RunTime:0.000625s ]
INFO: [ route_check ] --END-- [ RunTime:0.000686s ]
INFO: [ app_begin ] --START--
INFO: ReadHtmlCache Behavior ::run [ RunTime:0.000422s ]
INFO: [ app_begin ] --END-- [ RunTime:0.000472s ]
NOTIC: [8] Undefined index:  username D:\webw\test\wwzz\gjyphp\xmyk\app\Lib\Action\AdminAction.class.php 第 27 行.
NOTIC: [8] Undefined index:  password D:\webw\test\wwzz\gjyphp\xmyk\app\Lib\Action\AdminAction.class.php 第 28 行.
SQL: SHOW COLUMNS FROM `bm_admin` [ RunTime:0.001112s ]
SQL: SELECT * FROM `bm_admin` WHERE ( name="" AND password="d41d8cd98f00b204e9800998ecf8427e" )  [ RunTime:0.000309s ]
INFO: [ view_parse ] --START--
INFO: ParseTemplate Behavior ::run [ RunTime:0.007015s ]
INFO: [ view_parse ] --END-- [ RunTime:0.007072s ]
INFO: [ view_filter ] --START--
INFO: ContentReplace Behavior ::run [ RunTime:0.000278s ]
INFO: TokenBuild Behavior ::run [ RunTime:0.000281s ]
INFO: WriteHtmlCache Behavior ::run [ RunTime:0.000195s ]
INFO: ShowRuntime Behavior ::run [ RunTime:0.000356s ]
INFO: [ view_filter ] --END-- [ RunTime:0.001236s ]
INFO: [ view_end ] --START--
INFO: ShowPageTrace Behavior ::run [ RunTime:0.000465s ]
INFO: [ view_end ] --END-- [ RunTime:0.000512s ]

[ 2014-03-21T06:08:01+08:00 ] 101.226.33.225 /wwzz/gjyphp/xmyk/index.php/Admin/bm_quit/action/1/
INFO: [ route_check ] --START--
INFO: CheckRoute Behavior ::run [ RunTime:0.000894s ]
INFO: [ route_check ] --END-- [ RunTime:0.000955s ]
INFO: [ app_begin ] --START--
INFO: ReadHtmlCache Behavior ::run [ RunTime:0.000687s ]
INFO: [ app_begin ] --END-- [ RunTime:0.000739s ]
NOTIC: [8] Undefined index:  username D:\webw\test\wwzz\gjyphp\xmyk\app\Lib\Action\AdminAction.class.php 第 27 行.
NOTIC: [8] Undefined index:  password D:\webw\test\wwzz\gjyphp\xmyk\app\Lib\Action\AdminAction.class.php 第 28 行.
SQL: SHOW COLUMNS FROM `bm_admin` [ RunTime:0.000771s ]
SQL: SELECT * FROM `bm_admin` WHERE ( name="" AND password="d41d8cd98f00b204e9800998ecf8427e" )  [ RunTime:0.000114s ]
INFO: [ view_parse ] --START--
INFO: ParseTemplate Behavior ::run [ RunTime:0.008646s ]
INFO: [ view_parse ] --END-- [ RunTime:0.008705s ]
INFO: [ view_filter ] --START--
INFO: ContentReplace Behavior ::run [ RunTime:0.000546s ]
INFO: TokenBuild Behavior ::run [ RunTime:0.000552s ]
INFO: WriteHtmlCache Behavior ::run [ RunTime:0.000460s ]
INFO: ShowRuntime Behavior ::run [ RunTime:0.000626s ]
INFO: [ view_filter ] --END-- [ RunTime:0.002315s ]
INFO: [ view_end ] --START--
INFO: ShowPageTrace Behavior ::run [ RunTime:0.000740s ]
INFO: [ view_end ] --END-- [ RunTime:0.000789s ]

[ 2014-03-21T06:08:01+08:00 ] 101.226.33.225 /wwzz/gjyphp/xmyk/index.php/Admin/bm_quit/action/1/
INFO: [ route_check ] --START--
INFO: CheckRoute Behavior ::run [ RunTime:0.000627s ]
INFO: [ route_check ] --END-- [ RunTime:0.000689s ]
INFO: [ app_begin ] --START--
INFO: ReadHtmlCache Behavior ::run [ RunTime:0.000425s ]
INFO: [ app_begin ] --END-- [ RunTime:0.000474s ]
NOTIC: [8] Undefined index:  username D:\webw\test\wwzz\gjyphp\xmyk\app\Lib\Action\AdminAction.class.php 第 27 行.
NOTIC: [8] Undefined index:  password D:\webw\test\wwzz\gjyphp\xmyk\app\Lib\Action\AdminAction.class.php 第 28 行.
SQL: SHOW COLUMNS FROM `bm_admin` [ RunTime:0.000775s ]
SQL: SELECT * FROM `bm_admin` WHERE ( name="" AND password="d41d8cd98f00b204e9800998ecf8427e" )  [ RunTime:0.000177s ]
INFO: [ view_parse ] --START--
INFO: ParseTemplate Behavior ::run [ RunTime:0.007039s ]
INFO: [ view_parse ] --END-- [ RunTime:0.007097s ]
INFO: [ view_filter ] --START--
INFO: ContentReplace Behavior ::run [ RunTime:0.000278s ]
INFO: TokenBuild Behavior ::run [ RunTime:0.000285s ]
INFO: WriteHtmlCache Behavior ::run [ RunTime:0.000196s ]
INFO: ShowRuntime Behavior ::run [ RunTime:0.000361s ]
INFO: [ view_filter ] --END-- [ RunTime:0.001250s ]
INFO: [ view_end ] --START--
INFO: ShowPageTrace Behavior ::run [ RunTime:0.000465s ]
INFO: [ view_end ] --END-- [ RunTime:0.000515s ]

[ 2014-03-21T06:08:45+08:00 ] 180.153.201.64 /wwzz/gjyphp/xmyk/index.php/Admin/bm_quit/
INFO: [ route_check ] --START--
INFO: CheckRoute Behavior ::run [ RunTime:0.000630s ]
INFO: [ route_check ] --END-- [ RunTime:0.000694s ]
INFO: [ app_begin ] --START--
INFO: ReadHtmlCache Behavior ::run [ RunTime:0.000428s ]
INFO: [ app_begin ] --END-- [ RunTime:0.000478s ]
NOTIC: [8] Undefined index:  action D:\webw\test\wwzz\gjyphp\xmyk\app\Lib\Action\AdminAction.class.php 第 26 行.
INFO: [ view_parse ] --START--
NOTIC: [8] Undefined variable: h D:\webw\test\wwzz\gjyphp\xmyk\app\Runtime\Cache\b13352dcb5f3f616c3d6196742053667.php 第 17 行.
INFO: ParseTemplate Behavior ::run [ RunTime:0.007108s ]
INFO: [ view_parse ] --END-- [ RunTime:0.007171s ]
INFO: [ view_filter ] --START--
INFO: ContentReplace Behavior ::run [ RunTime:0.000277s ]
INFO: TokenBuild Behavior ::run [ RunTime:0.000287s ]
INFO: WriteHtmlCache Behavior ::run [ RunTime:0.000201s ]
INFO: ShowRuntime Behavior ::run [ RunTime:0.000363s ]
INFO: [ view_filter ] --END-- [ RunTime:0.001255s ]
INFO: [ view_end ] --START--
INFO: ShowPageTrace Behavior ::run [ RunTime:0.000473s ]
INFO: [ view_end ] --END-- [ RunTime:0.000520s ]

[ 2014-03-21T06:10:09+08:00 ] 180.153.201.64 /wwzz/gjyphp/xmyk/index.php/Admin/bm_quit/
INFO: [ route_check ] --START--
INFO: CheckRoute Behavior ::run [ RunTime:0.000905s ]
INFO: [ route_check ] --END-- [ RunTime:0.000967s ]
INFO: [ app_begin ] --START--
INFO: ReadHtmlCache Behavior ::run [ RunTime:0.000694s ]
INFO: [ app_begin ] --END-- [ RunTime:0.000748s ]
NOTIC: [8] Undefined index:  action D:\webw\test\wwzz\gjyphp\xmyk\app\Lib\Action\AdminAction.class.php 第 26 行.
INFO: [ view_parse ] --START--
NOTIC: [8] Undefined variable: h D:\webw\test\wwzz\gjyphp\xmyk\app\Runtime\Cache\b13352dcb5f3f616c3d6196742053667.php 第 17 行.
INFO: ParseTemplate Behavior ::run [ RunTime:0.008727s ]
INFO: [ view_parse ] --END-- [ RunTime:0.008789s ]
INFO: [ view_filter ] --START--
INFO: ContentReplace Behavior ::run [ RunTime:0.000547s ]
INFO: TokenBuild Behavior ::run [ RunTime:0.000552s ]
INFO: WriteHtmlCache Behavior ::run [ RunTime:0.000462s ]
INFO: ShowRuntime Behavior ::run [ RunTime:0.000628s ]
INFO: [ view_filter ] --END-- [ RunTime:0.002321s ]
INFO: [ view_end ] --START--
INFO: ShowPageTrace Behavior ::run [ RunTime:0.000747s ]
INFO: [ view_end ] --END-- [ RunTime:0.000798s ]

[ 2014-03-21T06:11:36+08:00 ] 180.153.201.64 /wwzz/gjyphp/xmyk/index.php/Admin/bm_quit/
INFO: [ route_check ] --START--
INFO: CheckRoute Behavior ::run [ RunTime:0.000964s ]
INFO: [ route_check ] --END-- [ RunTime:0.001061s ]
INFO: [ app_begin ] --START--
INFO: ReadHtmlCache Behavior ::run [ RunTime:0.000657s ]
INFO: [ app_begin ] --END-- [ RunTime:0.000741s ]
NOTIC: [8] Undefined index:  action D:\webw\test\wwzz\gjyphp\xmyk\app\Lib\Action\AdminAction.class.php 第 26 行.
INFO: [ view_parse ] --START--
NOTIC: [8] Undefined variable: h D:\webw\test\wwzz\gjyphp\xmyk\app\Runtime\Cache\b13352dcb5f3f616c3d6196742053667.php 第 17 行.
INFO: ParseTemplate Behavior ::run [ RunTime:0.012191s ]
INFO: [ view_parse ] --END-- [ RunTime:0.012289s ]
INFO: [ view_filter ] --START--
INFO: ContentReplace Behavior ::run [ RunTime:0.000424s ]
INFO: TokenBuild Behavior ::run [ RunTime:0.000437s ]
INFO: WriteHtmlCache Behavior ::run [ RunTime:0.000301s ]
INFO: ShowRuntime Behavior ::run [ RunTime:0.000565s ]
INFO: [ view_filter ] --END-- [ RunTime:0.001942s ]
INFO: [ view_end ] --START--
INFO: ShowPageTrace Behavior ::run [ RunTime:0.000719s ]
INFO: [ view_end ] --END-- [ RunTime:0.000801s ]

[ 2014-03-21T06:13:09+08:00 ] 180.153.201.64 /wwzz/gjyphp/xmyk/index.php/Admin/bm_quit/
INFO: [ route_check ] --START--
INFO: CheckRoute Behavior ::run [ RunTime:0.000903s ]
INFO: [ route_check ] --END-- [ RunTime:0.000966s ]
INFO: [ app_begin ] --START--
INFO: ReadHtmlCache Behavior ::run [ RunTime:0.000695s ]
INFO: [ app_begin ] --END-- [ RunTime:0.000745s ]
NOTIC: [8] Undefined index:  action D:\webw\test\wwzz\gjyphp\xmyk\app\Lib\Action\AdminAction.class.php 第 26 行.
INFO: [ view_parse ] --START--
NOTIC: [8] Undefined variable: h D:\webw\test\wwzz\gjyphp\xmyk\app\Runtime\Cache\b13352dcb5f3f616c3d6196742053667.php 第 17 行.
INFO: ParseTemplate Behavior ::run [ RunTime:0.008250s ]
INFO: [ view_parse ] --END-- [ RunTime:0.008311s ]
INFO: [ view_filter ] --START--
INFO: ContentReplace Behavior ::run [ RunTime:0.000547s ]
INFO: TokenBuild Behavior ::run [ RunTime:0.000550s ]
INFO: WriteHtmlCache Behavior ::run [ RunTime:0.000462s ]
INFO: ShowRuntime Behavior ::run [ RunTime:0.000624s ]
INFO: [ view_filter ] --END-- [ RunTime:0.002314s ]
INFO: [ view_end ] --START--
INFO: ShowPageTrace Behavior ::run [ RunTime:0.000744s ]
INFO: [ view_end ] --END-- [ RunTime:0.000791s ]

[ 2014-03-21T08:52:16+08:00 ] 121.204.206.117 /wwzz/gjyphp/xmyk/index.php/Home
INFO: [ route_check ] --START--
INFO: CheckRoute Behavior ::run [ RunTime:0.069858s ]
INFO: [ route_check ] --END-- [ RunTime:0.069932s ]
INFO: [ app_begin ] --START--
INFO: ReadHtmlCache Behavior ::run [ RunTime:0.025019s ]
INFO: [ app_begin ] --END-- [ RunTime:0.025099s ]
INFO: [ view_parse ] --START--
INFO: ParseTemplate Behavior ::run [ RunTime:0.236141s ]
INFO: [ view_parse ] --END-- [ RunTime:0.236240s ]
INFO: [ view_filter ] --START--
INFO: ContentReplace Behavior ::run [ RunTime:0.020035s ]
INFO: TokenBuild Behavior ::run [ RunTime:0.021993s ]
INFO: WriteHtmlCache Behavior ::run [ RunTime:0.009451s ]
INFO: ShowRuntime Behavior ::run [ RunTime:0.022889s ]
INFO: [ view_filter ] --END-- [ RunTime:0.074508s ]
INFO: [ view_end ] --START--
INFO: ShowPageTrace Behavior ::run [ RunTime:0.044472s ]
INFO: [ view_end ] --END-- [ RunTime:0.044541s ]

[ 2014-03-21T08:52:16+08:00 ] 121.204.206.117 /wwzz/gjyphp/xmyk/index.php/Admin
INFO: [ route_check ] --START--
INFO: CheckRoute Behavior ::run [ RunTime:0.069892s ]
INFO: [ route_check ] --END-- [ RunTime:0.069979s ]
INFO: [ app_begin ] --START--
INFO: ReadHtmlCache Behavior ::run [ RunTime:0.025077s ]
INFO: [ app_begin ] --END-- [ RunTime:0.025163s ]
NOTIC: [8] Undefined index:  action D:\webw\test\wwzz\gjyphp\xmyk\app\Lib\Action\AdminAction.class.php 第 26 行.
INFO: [ view_parse ] --START--
NOTIC: [8] Undefined variable: h D:\webw\test\wwzz\gjyphp\xmyk\app\Runtime\Cache\b13352dcb5f3f616c3d6196742053667.php 第 17 行.
INFO: ParseTemplate Behavior ::run [ RunTime:0.035355s ]
INFO: [ view_parse ] --END-- [ RunTime:0.035419s ]
INFO: [ view_filter ] --START--
INFO: ContentReplace Behavior ::run [ RunTime:0.000823s ]
INFO: TokenBuild Behavior ::run [ RunTime:0.000559s ]
INFO: WriteHtmlCache Behavior ::run [ RunTime:0.000463s ]
INFO: ShowRuntime Behavior ::run [ RunTime:0.000637s ]
INFO: [ view_filter ] --END-- [ RunTime:0.002615s ]
INFO: [ view_end ] --START--
INFO: ShowPageTrace Behavior ::run [ RunTime:0.000759s ]
INFO: [ view_end ] --END-- [ RunTime:0.000821s ]

[ 2014-03-21T15:23:43+08:00 ] 121.204.206.117 /wwzz/gjyphp/xmyk/index.php/Home
INFO: [ route_check ] --START--
INFO: CheckRoute Behavior ::run [ RunTime:0.017189s ]
INFO: [ route_check ] --END-- [ RunTime:0.017261s ]
INFO: [ app_begin ] --START--
INFO: ReadHtmlCache Behavior ::run [ RunTime:0.001071s ]
INFO: [ app_begin ] --END-- [ RunTime:0.001125s ]
INFO: [ view_parse ] --START--
INFO: ParseTemplate Behavior ::run [ RunTime:0.094460s ]
INFO: [ view_parse ] --END-- [ RunTime:0.094531s ]
INFO: [ view_filter ] --START--
INFO: ContentReplace Behavior ::run [ RunTime:0.011733s ]
INFO: TokenBuild Behavior ::run [ RunTime:0.005337s ]
INFO: WriteHtmlCache Behavior ::run [ RunTime:0.000863s ]
INFO: ShowRuntime Behavior ::run [ RunTime:0.006518s ]
INFO: [ view_filter ] --END-- [ RunTime:0.024585s ]
INFO: [ view_end ] --START--
INFO: ShowPageTrace Behavior ::run [ RunTime:0.009764s ]
INFO: [ view_end ] --END-- [ RunTime:0.009819s ]

[ 2014-03-21T17:13:07+08:00 ] 121.204.206.117 /wwzz/gjyphp/xmyk/index.php/admin
INFO: [ route_check ] --START--
INFO: CheckRoute Behavior ::run [ RunTime:0.017307s ]
INFO: [ route_check ] --END-- [ RunTime:0.017376s ]
INFO: [ app_begin ] --START--
INFO: ReadHtmlCache Behavior ::run [ RunTime:0.001365s ]
INFO: [ app_begin ] --END-- [ RunTime:0.001420s ]
ERR: 无法加载模块:admin

[ 2014-03-21T17:13:16+08:00 ] 121.204.206.117 /wwzz/gjyphp/xmyk/index.php/Admin
INFO: [ route_check ] --START--
INFO: CheckRoute Behavior ::run [ RunTime:0.001196s ]
INFO: [ route_check ] --END-- [ RunTime:0.001260s ]
INFO: [ app_begin ] --START--
INFO: ReadHtmlCache Behavior ::run [ RunTime:0.000986s ]
INFO: [ app_begin ] --END-- [ RunTime:0.001038s ]
NOTIC: [8] Undefined index:  action D:\webw\test\wwzz\gjyphp\xmyk\app\Lib\Action\AdminAction.class.php 第 26 行.
INFO: [ view_parse ] --START--
NOTIC: [8] Undefined variable: h D:\webw\test\wwzz\gjyphp\xmyk\app\Runtime\Cache\b13352dcb5f3f616c3d6196742053667.php 第 17 行.
INFO: ParseTemplate Behavior ::run [ RunTime:0.113222s ]
INFO: [ view_parse ] --END-- [ RunTime:0.113295s ]
INFO: [ view_filter ] --START--
INFO: ContentReplace Behavior ::run [ RunTime:0.021681s ]
INFO: TokenBuild Behavior ::run [ RunTime:0.013690s ]
INFO: WriteHtmlCache Behavior ::run [ RunTime:0.016782s ]
INFO: ShowRuntime Behavior ::run [ RunTime:0.007254s ]
INFO: [ view_filter ] --END-- [ RunTime:0.059548s ]
INFO: [ view_end ] --START--
INFO: ShowPageTrace Behavior ::run [ RunTime:0.009768s ]
INFO: [ view_end ] --END-- [ RunTime:0.009826s ]

[ 2014-03-21T17:13:25+08:00 ] 121.204.206.117 /wwzz/gjyphp/xmyk/index.php/Admin/index/action/1
INFO: [ route_check ] --START--
INFO: CheckRoute Behavior ::run [ RunTime:0.000900s ]
INFO: [ route_check ] --END-- [ RunTime:0.000964s ]
INFO: [ app_begin ] --START--
INFO: ReadHtmlCache Behavior ::run [ RunTime:0.000948s ]
INFO: [ app_begin ] --END-- [ RunTime:0.001003s ]
SQL: SHOW COLUMNS FROM `bm_admin` [ RunTime:0.028147s ]
SQL: SELECT * FROM `bm_admin` WHERE ( name="21nic" AND password="880d45eb62d70418dff7bade4488f0a3" )  [ RunTime:0.000220s ]
INFO: [ view_parse ] --START--
INFO: ParseTemplate Behavior ::run [ RunTime:0.056290s ]
INFO: [ view_parse ] --END-- [ RunTime:0.056376s ]
INFO: [ view_filter ] --START--
INFO: ContentReplace Behavior ::run [ RunTime:0.000967s ]
INFO: TokenBuild Behavior ::run [ RunTime:0.000604s ]
INFO: WriteHtmlCache Behavior ::run [ RunTime:0.000501s ]
INFO: ShowRuntime Behavior ::run [ RunTime:0.000691s ]
INFO: [ view_filter ] --END-- [ RunTime:0.002909s ]
INFO: [ view_end ] --START--
INFO: ShowPageTrace Behavior ::run [ RunTime:0.001123s ]
INFO: [ view_end ] --END-- [ RunTime:0.001179s ]

[ 2014-03-21T17:13:34+08:00 ] 121.204.206.117 /wwzz/gjyphp/xmyk/index.php/Admin/ksbm_select
INFO: [ route_check ] --START--
INFO: CheckRoute Behavior ::run [ RunTime:0.001149s ]
INFO: [ route_check ] --END-- [ RunTime:0.001210s ]
INFO: [ app_begin ] --START--
INFO: ReadHtmlCache Behavior ::run [ RunTime:0.000941s ]
INFO: [ app_begin ] --END-- [ RunTime:0.000985s ]
NOTIC: 建议使用I方法替代_post
SQL: SHOW COLUMNS FROM `kjj` [ RunTime:0.024983s ]
SQL: SELECT * FROM `kjj`  [ RunTime:0.000224s ]
SQL: SHOW COLUMNS FROM `zygl` [ RunTime:0.026901s ]
SQL: SELECT * FROM `zygl`  [ RunTime:0.000344s ]
SQL: SHOW COLUMNS FROM `ksbm` [ RunTime:0.008182s ]
SQL: SELECT COUNT(*) AS tp_count FROM `ksbm` WHERE (  id<>0  ) LIMIT 1   [ RunTime:0.000189s ]
SQL: SELECT * FROM `ksbm` WHERE (  id<>0  ) ORDER BY bm_time LIMIT 0,30   [ RunTime:0.000190s ]
INFO: [ view_parse ] --START--
INFO: ParseTemplate Behavior ::run [ RunTime:0.057134s ]
INFO: [ view_parse ] --END-- [ RunTime:0.057204s ]
INFO: [ view_filter ] --START--
INFO: ContentReplace Behavior ::run [ RunTime:0.000840s ]
INFO: TokenBuild Behavior ::run [ RunTime:0.000833s ]
INFO: WriteHtmlCache Behavior ::run [ RunTime:0.000885s ]
INFO: ShowRuntime Behavior ::run [ RunTime:0.000899s ]
INFO: [ view_filter ] --END-- [ RunTime:0.003574s ]
INFO: [ view_end ] --START--
INFO: ShowPageTrace Behavior ::run [ RunTime:0.001014s ]
INFO: [ view_end ] --END-- [ RunTime:0.001059s ]

[ 2014-03-21T17:14:44+08:00 ] 121.204.206.117 /wwzz/gjyphp/xmyk/index.php/Admin/zy_show
INFO: [ route_check ] --START--
INFO: CheckRoute Behavior ::run [ RunTime:0.000799s ]
INFO: [ route_check ] --END-- [ RunTime:0.000864s ]
INFO: [ app_begin ] --START--
INFO: ReadHtmlCache Behavior ::run [ RunTime:0.000839s ]
INFO: [ app_begin ] --END-- [ RunTime:0.000884s ]
NOTIC: [8] Constant THEME_NAME already defined D:\webw\test\wwzz\gjyphp\xmyk\ThinkPHP\Lib\Core\View.class.php 第 223 行.
NOTIC: [8] Constant THEME_PATH already defined D:\webw\test\wwzz\gjyphp\xmyk\ThinkPHP\Lib\Core\View.class.php 第 174 行.
NOTIC: [8] Constant APP_TMPL_PATH already defined D:\webw\test\wwzz\gjyphp\xmyk\ThinkPHP\Lib\Core\View.class.php 第 175 行.
INFO: [ view_parse ] --START--
NOTIC: [8] Undefined variable: data D:\webw\test\wwzz\gjyphp\xmyk\app\Runtime\Cache\ac2dd5192295ac9c8a9463673a353090.php 第 8 行.
NOTIC: [8] Undefined variable: data D:\webw\test\wwzz\gjyphp\xmyk\app\Runtime\Cache\ac2dd5192295ac9c8a9463673a353090.php 第 12 行.
NOTIC: [8] Undefined variable: data D:\webw\test\wwzz\gjyphp\xmyk\app\Runtime\Cache\ac2dd5192295ac9c8a9463673a353090.php 第 13 行.
NOTIC: [8] Undefined variable: data D:\webw\test\wwzz\gjyphp\xmyk\app\Runtime\Cache\ac2dd5192295ac9c8a9463673a353090.php 第 15 行.
INFO: ParseTemplate Behavior ::run [ RunTime:0.047044s ]
INFO: [ view_parse ] --END-- [ RunTime:0.047093s ]
INFO: [ view_filter ] --START--
INFO: ContentReplace Behavior ::run [ RunTime:0.000667s ]
INFO: TokenBuild Behavior ::run [ RunTime:0.000427s ]
INFO: WriteHtmlCache Behavior ::run [ RunTime:0.000202s ]
INFO: ShowRuntime Behavior ::run [ RunTime:0.000367s ]
INFO: [ view_filter ] --END-- [ RunTime:0.001785s ]
INFO: [ view_end ] --START--
INFO: ShowPageTrace Behavior ::run [ RunTime:0.000868s ]
INFO: [ view_end ] --END-- [ RunTime:0.000910s ]

[ 2014-03-21T17:14:45+08:00 ] 121.204.206.117 /wwzz/gjyphp/xmyk/index.php/Admin/cb_show
INFO: [ route_check ] --START--
INFO: CheckRoute Behavior ::run [ RunTime:0.000779s ]
INFO: [ route_check ] --END-- [ RunTime:0.000846s ]
INFO: [ app_begin ] --START--
INFO: ReadHtmlCache Behavior ::run [ RunTime:0.000891s ]
INFO: [ app_begin ] --END-- [ RunTime:0.000936s ]
NOTIC: [8] Constant THEME_NAME already defined D:\webw\test\wwzz\gjyphp\xmyk\ThinkPHP\Lib\Core\View.class.php 第 223 行.
NOTIC: [8] Constant THEME_PATH already defined D:\webw\test\wwzz\gjyphp\xmyk\ThinkPHP\Lib\Core\View.class.php 第 174 行.
NOTIC: [8] Constant APP_TMPL_PATH already defined D:\webw\test\wwzz\gjyphp\xmyk\ThinkPHP\Lib\Core\View.class.php 第 175 行.
INFO: [ view_parse ] --START--
NOTIC: [8] Undefined variable: data D:\webw\test\wwzz\gjyphp\xmyk\app\Runtime\Cache\d6711bc6fa5c743b5b4b610a9a1cf391.php 第 8 行.
NOTIC: [8] Undefined variable: data D:\webw\test\wwzz\gjyphp\xmyk\app\Runtime\Cache\d6711bc6fa5c743b5b4b610a9a1cf391.php 第 12 行.
NOTIC: [8] Undefined variable: data D:\webw\test\wwzz\gjyphp\xmyk\app\Runtime\Cache\d6711bc6fa5c743b5b4b610a9a1cf391.php 第 13 行.
NOTIC: [8] Undefined variable: data D:\webw\test\wwzz\gjyphp\xmyk\app\Runtime\Cache\d6711bc6fa5c743b5b4b610a9a1cf391.php 第 17 行.
INFO: ParseTemplate Behavior ::run [ RunTime:0.023625s ]
INFO: [ view_parse ] --END-- [ RunTime:0.023683s ]
INFO: [ view_filter ] --START--
INFO: ContentReplace Behavior ::run [ RunTime:0.000693s ]
INFO: TokenBuild Behavior ::run [ RunTime:0.000439s ]
INFO: WriteHtmlCache Behavior ::run [ RunTime:0.000208s ]
INFO: ShowRuntime Behavior ::run [ RunTime:0.000371s ]
INFO: [ view_filter ] --END-- [ RunTime:0.001837s ]
INFO: [ view_end ] --START--
INFO: ShowPageTrace Behavior ::run [ RunTime:0.000918s ]
INFO: [ view_end ] --END-- [ RunTime:0.000968s ]

[ 2014-03-21T17:14:46+08:00 ] 121.204.206.117 /wwzz/gjyphp/xmyk/index.php/Admin/cb_select
INFO: [ route_check ] --START--
INFO: CheckRoute Behavior ::run [ RunTime:0.000893s ]
INFO: [ route_check ] --END-- [ RunTime:0.000954s ]
INFO: [ app_begin ] --START--
INFO: ReadHtmlCache Behavior ::run [ RunTime:0.000682s ]
INFO: [ app_begin ] --END-- [ RunTime:0.000726s ]
SQL: SHOW COLUMNS FROM `kjj` [ RunTime:0.000823s ]
SQL: SELECT * FROM `kjj`  [ RunTime:0.000164s ]
INFO: [ view_parse ] --START--
INFO: ParseTemplate Behavior ::run [ RunTime:0.059182s ]
INFO: [ view_parse ] --END-- [ RunTime:0.059241s ]
INFO: [ view_filter ] --START--
INFO: ContentReplace Behavior ::run [ RunTime:0.000541s ]
INFO: TokenBuild Behavior ::run [ RunTime:0.000550s ]
INFO: WriteHtmlCache Behavior ::run [ RunTime:0.000461s ]
INFO: ShowRuntime Behavior ::run [ RunTime:0.000883s ]
INFO: [ view_filter ] --END-- [ RunTime:0.002554s ]
INFO: [ view_end ] --START--
INFO: ShowPageTrace Behavior ::run [ RunTime:0.000738s ]
INFO: [ view_end ] --END-- [ RunTime:0.000779s ]

[ 2014-03-21T17:14:47+08:00 ] 121.204.206.117 /wwzz/gjyphp/xmyk/index.php/Admin/bm_admin_show
INFO: [ route_check ] --START--
INFO: CheckRoute Behavior ::run [ RunTime:0.000814s ]
INFO: [ route_check ] --END-- [ RunTime:0.000878s ]
INFO: [ app_begin ] --START--
INFO: ReadHtmlCache Behavior ::run [ RunTime:0.000600s ]
INFO: [ app_begin ] --END-- [ RunTime:0.000647s ]
SQL: SHOW COLUMNS FROM `kjj` [ RunTime:0.000759s ]
SQL: SELECT * FROM `kjj`  [ RunTime:0.000170s ]
INFO: [ view_parse ] --START--
INFO: ParseTemplate Behavior ::run [ RunTime:0.029467s ]
INFO: [ view_parse ] --END-- [ RunTime:0.029520s ]
INFO: [ view_filter ] --START--
INFO: ContentReplace Behavior ::run [ RunTime:0.000265s ]
INFO: TokenBuild Behavior ::run [ RunTime:0.000289s ]
INFO: WriteHtmlCache Behavior ::run [ RunTime:0.000203s ]
INFO: ShowRuntime Behavior ::run [ RunTime:0.000759s ]
INFO: [ view_filter ] --END-- [ RunTime:0.001628s ]
INFO: [ view_end ] --START--
INFO: ShowPageTrace Behavior ::run [ RunTime:0.000617s ]
INFO: [ view_end ] --END-- [ RunTime:0.000660s ]

[ 2014-03-21T17:14:48+08:00 ] 121.204.206.117 /wwzz/gjyphp/xmyk/index.php/Admin/bm_admin_select
INFO: [ route_check ] --START--
INFO: CheckRoute Behavior ::run [ RunTime:0.000799s ]
INFO: [ route_check ] --END-- [ RunTime:0.000864s ]
INFO: [ app_begin ] --START--
INFO: ReadHtmlCache Behavior ::run [ RunTime:0.000855s ]
INFO: [ app_begin ] --END-- [ RunTime:0.000899s ]
SQL: SHOW COLUMNS FROM `bm_admin` [ RunTime:0.000769s ]
SQL: SELECT * FROM `bm_admin`  [ RunTime:0.000225s ]
INFO: [ view_parse ] --START--
INFO: ParseTemplate Behavior ::run [ RunTime:0.061729s ]
INFO: [ view_parse ] --END-- [ RunTime:0.061790s ]
INFO: [ view_filter ] --START--
INFO: ContentReplace Behavior ::run [ RunTime:0.000669s ]
INFO: TokenBuild Behavior ::run [ RunTime:0.000419s ]
INFO: WriteHtmlCache Behavior ::run [ RunTime:0.000196s ]
INFO: ShowRuntime Behavior ::run [ RunTime:0.000364s ]
INFO: [ view_filter ] --END-- [ RunTime:0.001766s ]
INFO: [ view_end ] --START--
INFO: ShowPageTrace Behavior ::run [ RunTime:0.000893s ]
INFO: [ view_end ] --END-- [ RunTime:0.000934s ]

[ 2014-03-21T17:17:02+08:00 ] 121.204.206.117 /wwzz/gjyphp/xmyk/index.php/Admin
INFO: [ route_check ] --START--
INFO: CheckRoute Behavior ::run [ RunTime:0.001189s ]
INFO: [ route_check ] --END-- [ RunTime:0.001251s ]
INFO: [ app_begin ] --START--
INFO: ReadHtmlCache Behavior ::run [ RunTime:0.000970s ]
INFO: [ app_begin ] --END-- [ RunTime:0.001022s ]
INFO: [ view_parse ] --START--
INFO: ParseTemplate Behavior ::run [ RunTime:0.012130s ]
INFO: [ view_parse ] --END-- [ RunTime:0.012196s ]
INFO: [ view_filter ] --START--
INFO: ContentReplace Behavior ::run [ RunTime:0.000899s ]
INFO: TokenBuild Behavior ::run [ RunTime:0.000840s ]
INFO: WriteHtmlCache Behavior ::run [ RunTime:0.000737s ]
INFO: ShowRuntime Behavior ::run [ RunTime:0.000899s ]
INFO: [ view_filter ] --END-- [ RunTime:0.003515s ]
INFO: [ view_end ] --START--
INFO: ShowPageTrace Behavior ::run [ RunTime:0.001009s ]
INFO: [ view_end ] --END-- [ RunTime:0.001064s ]

[ 2014-03-21T17:19:06+08:00 ] 121.204.206.117 /wwzz/gjyphp/xmyk/index.php/Admin/zy_show
INFO: [ route_check ] --START--
INFO: CheckRoute Behavior ::run [ RunTime:0.001203s ]
INFO: [ route_check ] --END-- [ RunTime:0.001267s ]
INFO: [ app_begin ] --START--
INFO: ReadHtmlCache Behavior ::run [ RunTime:0.000956s ]
INFO: [ app_begin ] --END-- [ RunTime:0.001002s ]
NOTIC: [8] Constant THEME_NAME already defined D:\webw\test\wwzz\gjyphp\xmyk\ThinkPHP\Lib\Core\View.class.php 第 223 行.
NOTIC: [8] Constant THEME_PATH already defined D:\webw\test\wwzz\gjyphp\xmyk\ThinkPHP\Lib\Core\View.class.php 第 174 行.
NOTIC: [8] Constant APP_TMPL_PATH already defined D:\webw\test\wwzz\gjyphp\xmyk\ThinkPHP\Lib\Core\View.class.php 第 175 行.
INFO: [ view_parse ] --START--
NOTIC: [8] Undefined variable: data D:\webw\test\wwzz\gjyphp\xmyk\app\Runtime\Cache\ac2dd5192295ac9c8a9463673a353090.php 第 8 行.
NOTIC: [8] Undefined variable: data D:\webw\test\wwzz\gjyphp\xmyk\app\Runtime\Cache\ac2dd5192295ac9c8a9463673a353090.php 第 12 行.
NOTIC: [8] Undefined variable: data D:\webw\test\wwzz\gjyphp\xmyk\app\Runtime\Cache\ac2dd5192295ac9c8a9463673a353090.php 第 13 行.
NOTIC: [8] Undefined variable: data D:\webw\test\wwzz\gjyphp\xmyk\app\Runtime\Cache\ac2dd5192295ac9c8a9463673a353090.php 第 15 行.
INFO: ParseTemplate Behavior ::run [ RunTime:0.008564s ]
INFO: [ view_parse ] --END-- [ RunTime:0.008619s ]
INFO: [ view_filter ] --START--
INFO: ContentReplace Behavior ::run [ RunTime:0.000807s ]
INFO: TokenBuild Behavior ::run [ RunTime:0.000814s ]
INFO: WriteHtmlCache Behavior ::run [ RunTime:0.000718s ]
INFO: ShowRuntime Behavior ::run [ RunTime:0.000877s ]
INFO: [ view_filter ] --END-- [ RunTime:0.003342s ]
INFO: [ view_end ] --START--
INFO: ShowPageTrace Behavior ::run [ RunTime:0.001002s ]
INFO: [ view_end ] --END-- [ RunTime:0.001052s ]

[ 2014-03-21T17:19:07+08:00 ] 121.204.206.117 /wwzz/gjyphp/xmyk/index.php/Admin/zy_select
INFO: [ route_check ] --START--
INFO: CheckRoute Behavior ::run [ RunTime:0.001234s ]
INFO: [ route_check ] --END-- [ RunTime:0.001301s ]
INFO: [ app_begin ] --START--
INFO: ReadHtmlCache Behavior ::run [ RunTime:0.001060s ]
INFO: [ app_begin ] --END-- [ RunTime:0.001108s ]
SQL: SHOW COLUMNS FROM `zygl` [ RunTime:0.000731s ]
SQL: SELECT * FROM `zygl`  [ RunTime:0.000161s ]
INFO: [ view_parse ] --START--
INFO: ParseTemplate Behavior ::run [ RunTime:0.023153s ]
INFO: [ view_parse ] --END-- [ RunTime:0.023207s ]
INFO: [ view_filter ] --START--
INFO: ContentReplace Behavior ::run [ RunTime:0.000804s ]
INFO: TokenBuild Behavior ::run [ RunTime:0.000806s ]
INFO: WriteHtmlCache Behavior ::run [ RunTime:0.000715s ]
INFO: ShowRuntime Behavior ::run [ RunTime:0.000876s ]
INFO: [ view_filter ] --END-- [ RunTime:0.003319s ]
INFO: [ view_end ] --START--
INFO: ShowPageTrace Behavior ::run [ RunTime:0.000999s ]
INFO: [ view_end ] --END-- [ RunTime:0.001046s ]

[ 2014-03-21T17:19:08+08:00 ] 121.204.206.117 /wwzz/gjyphp/xmyk/index.php/Admin/ks_show
INFO: [ route_check ] --START--
INFO: CheckRoute Behavior ::run [ RunTime:0.001153s ]
INFO: [ route_check ] --END-- [ RunTime:0.001215s ]
INFO: [ app_begin ] --START--
INFO: ReadHtmlCache Behavior ::run [ RunTime:0.000946s ]
INFO: [ app_begin ] --END-- [ RunTime:0.000990s ]
SQL: SHOW COLUMNS FROM `kjj` [ RunTime:0.000768s ]
SQL: SELECT * FROM `kjj`  [ RunTime:0.000080s ]
INFO: [ view_parse ] --START--
NOTIC: [8] Undefined variable: data1 D:\webw\test\wwzz\gjyphp\xmyk\app\Runtime\Cache\8faa5a1bbd35c1d5c8fe4769dc153b2a.php 第 10 行.
NOTIC: [8] Undefined variable: data1 D:\webw\test\wwzz\gjyphp\xmyk\app\Runtime\Cache\8faa5a1bbd35c1d5c8fe4769dc153b2a.php 第 10 行.
NOTIC: [8] Undefined variable: data1 D:\webw\test\wwzz\gjyphp\xmyk\app\Runtime\Cache\8faa5a1bbd35c1d5c8fe4769dc153b2a.php 第 10 行.
NOTIC: [8] Undefined variable: data1 D:\webw\test\wwzz\gjyphp\xmyk\app\Runtime\Cache\8faa5a1bbd35c1d5c8fe4769dc153b2a.php 第 10 行.
NOTIC: [8] Undefined variable: data1 D:\webw\test\wwzz\gjyphp\xmyk\app\Runtime\Cache\8faa5a1bbd35c1d5c8fe4769dc153b2a.php 第 10 行.
NOTIC: [8] Undefined variable: data1 D:\webw\test\wwzz\gjyphp\xmyk\app\Runtime\Cache\8faa5a1bbd35c1d5c8fe4769dc153b2a.php 第 10 行.
NOTIC: [8] Undefined variable: data1 D:\webw\test\wwzz\gjyphp\xmyk\app\Runtime\Cache\8faa5a1bbd35c1d5c8fe4769dc153b2a.php 第 23 行.
NOTIC: [8] Undefined variable: data1 D:\webw\test\wwzz\gjyphp\xmyk\app\Runtime\Cache\8faa5a1bbd35c1d5c8fe4769dc153b2a.php 第 27 行.
NOTIC: [8] Undefined variable: data1 D:\webw\test\wwzz\gjyphp\xmyk\app\Runtime\Cache\8faa5a1bbd35c1d5c8fe4769dc153b2a.php 第 32 行.
NOTIC: [8] Undefined variable: data1 D:\webw\test\wwzz\gjyphp\xmyk\app\Runtime\Cache\8faa5a1bbd35c1d5c8fe4769dc153b2a.php 第 36 行.
NOTIC: [8] Undefined variable: data1 D:\webw\test\wwzz\gjyphp\xmyk\app\Runtime\Cache\8faa5a1bbd35c1d5c8fe4769dc153b2a.php 第 43 行.
NOTIC: [8] Undefined variable: data1 D:\webw\test\wwzz\gjyphp\xmyk\app\Runtime\Cache\8faa5a1bbd35c1d5c8fe4769dc153b2a.php 第 47 行.
NOTIC: [8] Undefined variable: data1 D:\webw\test\wwzz\gjyphp\xmyk\app\Runtime\Cache\8faa5a1bbd35c1d5c8fe4769dc153b2a.php 第 54 行.
NOTIC: [8] Undefined variable: data1 D:\webw\test\wwzz\gjyphp\xmyk\app\Runtime\Cache\8faa5a1bbd35c1d5c8fe4769dc153b2a.php 第 55 行.
NOTIC: [8] Undefined variable: data1 D:\webw\test\wwzz\gjyphp\xmyk\app\Runtime\Cache\8faa5a1bbd35c1d5c8fe4769dc153b2a.php 第 65 行.
INFO: ParseTemplate Behavior ::run [ RunTime:0.055894s ]
INFO: [ view_parse ] --END-- [ RunTime:0.055950s ]
INFO: [ view_filter ] --START--
INFO: ContentReplace Behavior ::run [ RunTime:0.000825s ]
INFO: TokenBuild Behavior ::run [ RunTime:0.000830s ]
INFO: WriteHtmlCache Behavior ::run [ RunTime:0.000742s ]
INFO: ShowRuntime Behavior ::run [ RunTime:0.000909s ]
INFO: [ view_filter ] --END-- [ RunTime:0.003422s ]
INFO: [ view_end ] --START--
INFO: ShowPageTrace Behavior ::run [ RunTime:0.001048s ]
INFO: [ view_end ] --END-- [ RunTime:0.001093s ]

[ 2014-03-21T17:19:10+08:00 ] 121.204.206.117 /wwzz/gjyphp/xmyk/index.php/Admin/ks_select
INFO: [ route_check ] --START--
INFO: CheckRoute Behavior ::run [ RunTime:0.001177s ]
INFO: [ route_check ] --END-- [ RunTime:0.001244s ]
INFO: [ app_begin ] --START--
INFO: ReadHtmlCache Behavior ::run [ RunTime:0.000711s ]
INFO: [ app_begin ] --END-- [ RunTime:0.000755s ]
SQL: SHOW COLUMNS FROM `kshd` [ RunTime:0.024130s ]
SQL: SELECT * FROM `kshd`  [ RunTime:0.000160s ]
SQL: SHOW COLUMNS FROM `kjj` [ RunTime:0.000669s ]
SQL: SELECT * FROM `kjj` WHERE ( 1=1 AND bm_id='39' ) LIMIT 1   [ RunTime:0.000165s ]
SQL: SELECT * FROM `kjj` WHERE ( 1=1 AND bm_id='40' ) LIMIT 1   [ RunTime:0.000114s ]
SQL: SELECT * FROM `kjj` WHERE ( 1=1 AND bm_id='43' ) LIMIT 1   [ RunTime:0.000110s ]
SQL: SELECT * FROM `kjj` WHERE ( 1=1 AND bm_id='44' ) LIMIT 1   [ RunTime:0.000108s ]
SQL: SELECT * FROM `kjj` WHERE ( 1=1 AND bm_id='43' ) LIMIT 1   [ RunTime:0.000066s ]
INFO: [ view_parse ] --START--
INFO: ParseTemplate Behavior ::run [ RunTime:0.025055s ]
INFO: [ view_parse ] --END-- [ RunTime:0.025110s ]
INFO: [ view_filter ] --START--
INFO: ContentReplace Behavior ::run [ RunTime:0.000799s ]
INFO: TokenBuild Behavior ::run [ RunTime:0.000811s ]
INFO: WriteHtmlCache Behavior ::run [ RunTime:0.000730s ]
INFO: ShowRuntime Behavior ::run [ RunTime:0.000882s ]
INFO: [ view_filter ] --END-- [ RunTime:0.003342s ]
INFO: [ view_end ] --START--
INFO: ShowPageTrace Behavior ::run [ RunTime:0.000995s ]
INFO: [ view_end ] --END-- [ RunTime:0.001037s ]

[ 2014-03-21T17:29:45+08:00 ] 121.204.206.117 /wwzz/gjyphp/xmyk/index.php/Admin/ks_update/id/31
INFO: [ route_check ] --START--
INFO: CheckRoute Behavior ::run [ RunTime:0.025529s ]
INFO: [ route_check ] --END-- [ RunTime:0.025604s ]
INFO: [ app_begin ] --START--
INFO: ReadHtmlCache Behavior ::run [ RunTime:0.001350s ]
INFO: [ app_begin ] --END-- [ RunTime:0.001401s ]
NOTIC: 建议使用I方法替代_get
SQL: SHOW COLUMNS FROM `kshd` [ RunTime:0.000923s ]
SQL: SELECT * FROM `kshd` WHERE ( bm_id=31 )  [ RunTime:0.000183s ]
SQL: SHOW COLUMNS FROM `kjj` [ RunTime:0.000821s ]
SQL: SELECT * FROM `kjj`  [ RunTime:0.000093s ]
INFO: [ view_parse ] --START--
INFO: ParseTemplate Behavior ::run [ RunTime:0.069334s ]
INFO: [ view_parse ] --END-- [ RunTime:0.069425s ]
INFO: [ view_filter ] --START--
INFO: ContentReplace Behavior ::run [ RunTime:0.007185s ]
INFO: TokenBuild Behavior ::run [ RunTime:0.005329s ]
INFO: WriteHtmlCache Behavior ::run [ RunTime:0.000869s ]
INFO: ShowRuntime Behavior ::run [ RunTime:0.006515s ]
INFO: [ view_filter ] --END-- [ RunTime:0.020059s ]
INFO: [ view_end ] --START--
INFO: ShowPageTrace Behavior ::run [ RunTime:0.009913s ]
INFO: [ view_end ] --END-- [ RunTime:0.009991s ]

