[ 2014-03-06T17:46:50+08:00 ] 0.0.0.0 /cs/
INFO: [ app_begin ] --START--
INFO: ReadHtmlCache Behavior ::run [ RunTime:0.002406s ]
INFO: [ app_begin ] --END-- [ RunTime:0.002861s ]
INFO: [ view_parse ] --START--
INFO: ParseTemplate Behavior ::run [ RunTime:0.002501s ]
INFO: [ view_parse ] --END-- [ RunTime:0.002685s ]
INFO: [ view_filter ] --START--
NOTIC: [8] Use of undefined constant APP_TMPL_PATH - assumed 'APP_TMPL_PATH' F:\xampp\htdocs\ThinkPHP\Lib\Behavior\ContentReplaceBehavior.class.php 第 40 行.
NOTIC: [8] Use of undefined constant APP_TMPL_PATH - assumed 'APP_TMPL_PATH' F:\xampp\htdocs\ThinkPHP\Lib\Behavior\ContentReplaceBehavior.class.php 第 47 行.
INFO: ContentReplace Behavior ::run [ RunTime:0.001444s ]
INFO: TokenBuild Behavior ::run [ RunTime:0.002643s ]
INFO: WriteHtmlCache Behavior ::run [ RunTime:0.001077s ]
INFO: ShowRuntime Behavior ::run [ RunTime:0.001842s ]
INFO: [ view_filter ] --END-- [ RunTime:0.007623s ]
INFO: [ view_end ] --START--
INFO: ShowPageTrace Behavior ::run [ RunTime:0.003003s ]
INFO: [ view_end ] --END-- [ RunTime:0.003252s ]

[ 2014-03-06T17:46:53+08:00 ] 0.0.0.0 /cs/
INFO: [ app_begin ] --START--
INFO: ReadHtmlCache Behavior ::run [ RunTime:0.002145s ]
INFO: [ app_begin ] --END-- [ RunTime:0.002426s ]
INFO: [ view_parse ] --START--
INFO: ParseTemplate Behavior ::run [ RunTime:0.003352s ]
INFO: [ view_parse ] --END-- [ RunTime:0.003610s ]
INFO: [ view_filter ] --START--
NOTIC: [8] Use of undefined constant APP_TMPL_PATH - assumed 'APP_TMPL_PATH' F:\xampp\htdocs\ThinkPHP\Lib\Behavior\ContentReplaceBehavior.class.php 第 40 行.
NOTIC: [8] Use of undefined constant APP_TMPL_PATH - assumed 'APP_TMPL_PATH' F:\xampp\htdocs\ThinkPHP\Lib\Behavior\ContentReplaceBehavior.class.php 第 47 行.
INFO: ContentReplace Behavior ::run [ RunTime:0.001499s ]
INFO: TokenBuild Behavior ::run [ RunTime:0.001314s ]
INFO: WriteHtmlCache Behavior ::run [ RunTime:0.001008s ]
INFO: ShowRuntime Behavior ::run [ RunTime:0.001687s ]
INFO: [ view_filter ] --END-- [ RunTime:0.006074s ]
INFO: [ view_end ] --START--
INFO: ShowPageTrace Behavior ::run [ RunTime:0.002418s ]
INFO: [ view_end ] --END-- [ RunTime:0.002627s ]

[ 2014-03-06T17:57:35+08:00 ] 0.0.0.0 /cs/index.php
INFO: [ app_begin ] --START--
INFO: ReadHtmlCache Behavior ::run [ RunTime:0.002306s ]
INFO: [ app_begin ] --END-- [ RunTime:0.002559s ]
INFO: [ view_parse ] --START--
INFO: ParseTemplate Behavior ::run [ RunTime:0.002404s ]
INFO: [ view_parse ] --END-- [ RunTime:0.002587s ]
INFO: [ view_filter ] --START--
NOTIC: [8] Use of undefined constant APP_TMPL_PATH - assumed 'APP_TMPL_PATH' F:\xampp\htdocs\ThinkPHP\Lib\Behavior\ContentReplaceBehavior.class.php 第 40 行.
NOTIC: [8] Use of undefined constant APP_TMPL_PATH - assumed 'APP_TMPL_PATH' F:\xampp\htdocs\ThinkPHP\Lib\Behavior\ContentReplaceBehavior.class.php 第 47 行.
INFO: ContentReplace Behavior ::run [ RunTime:0.001372s ]
INFO: TokenBuild Behavior ::run [ RunTime:0.001127s ]
INFO: WriteHtmlCache Behavior ::run [ RunTime:0.000876s ]
INFO: ShowRuntime Behavior ::run [ RunTime:0.001441s ]
INFO: [ view_filter ] --END-- [ RunTime:0.005670s ]
INFO: [ view_end ] --START--
INFO: ShowPageTrace Behavior ::run [ RunTime:0.001894s ]
INFO: [ view_end ] --END-- [ RunTime:0.002044s ]

[ 2014-03-06T17:58:30+08:00 ] 0.0.0.0 /cs/index.php
INFO: [ app_begin ] --START--
INFO: ReadHtmlCache Behavior ::run [ RunTime:0.001555s ]
INFO: [ app_begin ] --END-- [ RunTime:0.001751s ]
INFO: [ view_parse ] --START--
INFO: ParseTemplate Behavior ::run [ RunTime:0.001933s ]
INFO: [ view_parse ] --END-- [ RunTime:0.002140s ]
INFO: [ view_filter ] --START--
NOTIC: [8] Use of undefined constant APP_TMPL_PATH - assumed 'APP_TMPL_PATH' F:\xampp\htdocs\ThinkPHP\Lib\Behavior\ContentReplaceBehavior.class.php 第 40 行.
NOTIC: [8] Use of undefined constant APP_TMPL_PATH - assumed 'APP_TMPL_PATH' F:\xampp\htdocs\ThinkPHP\Lib\Behavior\ContentReplaceBehavior.class.php 第 47 行.
INFO: ContentReplace Behavior ::run [ RunTime:0.000999s ]
INFO: TokenBuild Behavior ::run [ RunTime:0.000877s ]
INFO: WriteHtmlCache Behavior ::run [ RunTime:0.000640s ]
INFO: ShowRuntime Behavior ::run [ RunTime:0.001158s ]
INFO: [ view_filter ] --END-- [ RunTime:0.004047s ]
INFO: [ view_end ] --START--
INFO: ShowPageTrace Behavior ::run [ RunTime:0.001670s ]
INFO: [ view_end ] --END-- [ RunTime:0.001805s ]

[ 2014-03-06T17:58:45+08:00 ] 0.0.0.0 /cs/index.php/
INFO: [ route_check ] --START--
INFO: CheckRoute Behavior ::run [ RunTime:0.002681s ]
INFO: [ route_check ] --END-- [ RunTime:0.002918s ]
INFO: [ app_begin ] --START--
INFO: ReadHtmlCache Behavior ::run [ RunTime:0.001405s ]
INFO: [ app_begin ] --END-- [ RunTime:0.001595s ]
INFO: [ view_parse ] --START--
INFO: ParseTemplate Behavior ::run [ RunTime:0.002839s ]
INFO: [ view_parse ] --END-- [ RunTime:0.003119s ]
INFO: [ view_filter ] --START--
NOTIC: [8] Use of undefined constant APP_TMPL_PATH - assumed 'APP_TMPL_PATH' F:\xampp\htdocs\ThinkPHP\Lib\Behavior\ContentReplaceBehavior.class.php 第 40 行.
NOTIC: [8] Use of undefined constant APP_TMPL_PATH - assumed 'APP_TMPL_PATH' F:\xampp\htdocs\ThinkPHP\Lib\Behavior\ContentReplaceBehavior.class.php 第 47 行.
INFO: ContentReplace Behavior ::run [ RunTime:0.001678s ]
INFO: TokenBuild Behavior ::run [ RunTime:0.001441s ]
INFO: WriteHtmlCache Behavior ::run [ RunTime:0.001063s ]
INFO: ShowRuntime Behavior ::run [ RunTime:0.001747s ]
INFO: [ view_filter ] --END-- [ RunTime:0.006543s ]
INFO: [ view_end ] --START--
INFO: ShowPageTrace Behavior ::run [ RunTime:0.002072s ]
INFO: [ view_end ] --END-- [ RunTime:0.002289s ]

[ 2014-03-06T17:58:51+08:00 ] 0.0.0.0 /cs/index.php/index
INFO: [ route_check ] --START--
INFO: CheckRoute Behavior ::run [ RunTime:0.002156s ]
INFO: [ route_check ] --END-- [ RunTime:0.002379s ]
INFO: [ app_begin ] --START--
INFO: ReadHtmlCache Behavior ::run [ RunTime:0.001565s ]
INFO: [ app_begin ] --END-- [ RunTime:0.001729s ]
ERR: 无法加载模块:index

[ 2014-03-06T17:59:16+08:00 ] 0.0.0.0 /cs/index.php/Index
INFO: [ route_check ] --START--
INFO: CheckRoute Behavior ::run [ RunTime:0.002012s ]
INFO: [ route_check ] --END-- [ RunTime:0.002217s ]
INFO: [ app_begin ] --START--
INFO: ReadHtmlCache Behavior ::run [ RunTime:0.002516s ]
INFO: [ app_begin ] --END-- [ RunTime:0.002729s ]
INFO: [ view_parse ] --START--
INFO: ParseTemplate Behavior ::run [ RunTime:0.003081s ]
INFO: [ view_parse ] --END-- [ RunTime:0.003364s ]
INFO: [ view_filter ] --START--
NOTIC: [8] Use of undefined constant APP_TMPL_PATH - assumed 'APP_TMPL_PATH' F:\xampp\htdocs\ThinkPHP\Lib\Behavior\ContentReplaceBehavior.class.php 第 40 行.
NOTIC: [8] Use of undefined constant APP_TMPL_PATH - assumed 'APP_TMPL_PATH' F:\xampp\htdocs\ThinkPHP\Lib\Behavior\ContentReplaceBehavior.class.php 第 47 行.
INFO: ContentReplace Behavior ::run [ RunTime:0.001326s ]
INFO: TokenBuild Behavior ::run [ RunTime:0.000945s ]
INFO: WriteHtmlCache Behavior ::run [ RunTime:0.000655s ]
INFO: ShowRuntime Behavior ::run [ RunTime:0.001134s ]
INFO: [ view_filter ] --END-- [ RunTime:0.004536s ]
INFO: [ view_end ] --START--
INFO: ShowPageTrace Behavior ::run [ RunTime:0.001661s ]
INFO: [ view_end ] --END-- [ RunTime:0.001831s ]

[ 2014-03-06T17:59:22+08:00 ] 0.0.0.0 /cs/index.php/Index1
INFO: [ route_check ] --START--
INFO: CheckRoute Behavior ::run [ RunTime:0.004033s ]
INFO: [ route_check ] --END-- [ RunTime:0.004358s ]
INFO: [ app_begin ] --START--
INFO: ReadHtmlCache Behavior ::run [ RunTime:0.002947s ]
INFO: [ app_begin ] --END-- [ RunTime:0.003185s ]
ERR: 无法加载模块:Index1

[ 2014-03-06T18:00:14+08:00 ] 0.0.0.0 /cs/index.php/Index1
INFO: [ route_check ] --START--
INFO: CheckRoute Behavior ::run [ RunTime:0.002875s ]
INFO: [ route_check ] --END-- [ RunTime:0.003149s ]
INFO: [ app_begin ] --START--
INFO: ReadHtmlCache Behavior ::run [ RunTime:0.002552s ]
INFO: [ app_begin ] --END-- [ RunTime:0.002813s ]
INFO: [ view_parse ] --START--
INFO: ParseTemplate Behavior ::run [ RunTime:0.003078s ]
INFO: [ view_parse ] --END-- [ RunTime:0.003349s ]
INFO: [ view_filter ] --START--
NOTIC: [8] Use of undefined constant APP_TMPL_PATH - assumed 'APP_TMPL_PATH' F:\xampp\htdocs\ThinkPHP\Lib\Behavior\ContentReplaceBehavior.class.php 第 40 行.
NOTIC: [8] Use of undefined constant APP_TMPL_PATH - assumed 'APP_TMPL_PATH' F:\xampp\htdocs\ThinkPHP\Lib\Behavior\ContentReplaceBehavior.class.php 第 47 行.
INFO: ContentReplace Behavior ::run [ RunTime:0.002120s ]
INFO: TokenBuild Behavior ::run [ RunTime:0.001790s ]
INFO: WriteHtmlCache Behavior ::run [ RunTime:0.001292s ]
INFO: ShowRuntime Behavior ::run [ RunTime:0.001978s ]
INFO: [ view_filter ] --END-- [ RunTime:0.007794s ]
INFO: [ view_end ] --START--
INFO: ShowPageTrace Behavior ::run [ RunTime:0.003298s ]
INFO: [ view_end ] --END-- [ RunTime:0.003512s ]

[ 2014-03-06T18:08:54+08:00 ] 0.0.0.0 /cs/index.php/Index1/index
INFO: [ route_check ] --START--
INFO: CheckRoute Behavior ::run [ RunTime:0.002899s ]
INFO: [ route_check ] --END-- [ RunTime:0.003146s ]
INFO: [ app_begin ] --START--
INFO: ReadHtmlCache Behavior ::run [ RunTime:0.003750s ]
INFO: [ app_begin ] --END-- [ RunTime:0.004013s ]
INFO: [ view_parse ] --START--
INFO: ParseTemplate Behavior ::run [ RunTime:0.002688s ]
INFO: [ view_parse ] --END-- [ RunTime:0.002898s ]
INFO: [ view_filter ] --START--
NOTIC: [8] Use of undefined constant APP_TMPL_PATH - assumed 'APP_TMPL_PATH' F:\xampp\htdocs\ThinkPHP\Lib\Behavior\ContentReplaceBehavior.class.php 第 40 行.
NOTIC: [8] Use of undefined constant APP_TMPL_PATH - assumed 'APP_TMPL_PATH' F:\xampp\htdocs\ThinkPHP\Lib\Behavior\ContentReplaceBehavior.class.php 第 47 行.
INFO: ContentReplace Behavior ::run [ RunTime:0.001363s ]
INFO: TokenBuild Behavior ::run [ RunTime:0.001188s ]
INFO: WriteHtmlCache Behavior ::run [ RunTime:0.000953s ]
INFO: ShowRuntime Behavior ::run [ RunTime:0.001656s ]
INFO: [ view_filter ] --END-- [ RunTime:0.005551s ]
INFO: [ view_end ] --START--
INFO: ShowPageTrace Behavior ::run [ RunTime:0.001976s ]
INFO: [ view_end ] --END-- [ RunTime:0.002114s ]

[ 2014-03-06T18:09:48+08:00 ] 0.0.0.0 /cs/index.php/Index1/index
INFO: [ route_check ] --START--
INFO: CheckRoute Behavior ::run [ RunTime:0.002570s ]
INFO: [ route_check ] --END-- [ RunTime:0.002987s ]
INFO: [ app_begin ] --START--
INFO: ReadHtmlCache Behavior ::run [ RunTime:0.003875s ]
INFO: [ app_begin ] --END-- [ RunTime:0.004081s ]
INFO: [ view_parse ] --START--
INFO: ParseTemplate Behavior ::run [ RunTime:0.002995s ]
INFO: [ view_parse ] --END-- [ RunTime:0.003262s ]
INFO: [ view_filter ] --START--
NOTIC: [8] Use of undefined constant APP_TMPL_PATH - assumed 'APP_TMPL_PATH' F:\xampp\htdocs\ThinkPHP\Lib\Behavior\ContentReplaceBehavior.class.php 第 40 行.
NOTIC: [8] Use of undefined constant APP_TMPL_PATH - assumed 'APP_TMPL_PATH' F:\xampp\htdocs\ThinkPHP\Lib\Behavior\ContentReplaceBehavior.class.php 第 47 行.
INFO: ContentReplace Behavior ::run [ RunTime:0.001094s ]
INFO: TokenBuild Behavior ::run [ RunTime:0.000960s ]
INFO: WriteHtmlCache Behavior ::run [ RunTime:0.000757s ]
INFO: ShowRuntime Behavior ::run [ RunTime:0.001461s ]
INFO: [ view_filter ] --END-- [ RunTime:0.004766s ]
INFO: [ view_end ] --START--
INFO: ShowPageTrace Behavior ::run [ RunTime:0.001523s ]
INFO: [ view_end ] --END-- [ RunTime:0.001663s ]

[ 2014-03-06T18:09:52+08:00 ] 0.0.0.0 /cs/index.php/Index1/cs
INFO: [ route_check ] --START--
INFO: CheckRoute Behavior ::run [ RunTime:0.002760s ]
INFO: [ route_check ] --END-- [ RunTime:0.003051s ]
INFO: [ app_begin ] --START--
INFO: ReadHtmlCache Behavior ::run [ RunTime:0.001408s ]
INFO: [ app_begin ] --END-- [ RunTime:0.001557s ]

