[ 2014-03-29T09:13:54+08:00 ] 120.32.187.101 /wwzz/gjyphp/xmyk/index.php/Admin
INFO: [ route_check ] --START--
INFO: CheckRoute Behavior ::run [ RunTime:0.017167s ]
INFO: [ route_check ] --END-- [ RunTime:0.017235s ]
INFO: [ app_begin ] --START--
INFO: ReadHtmlCache Behavior ::run [ RunTime:0.001325s ]
INFO: [ app_begin ] --END-- [ RunTime:0.001377s ]
NOTIC: [8] Undefined index:  action D:\webw\test\wwzz\gjyphp\xmyk\app\Lib\Action\AdminAction.class.php 第 26 行.
INFO: [ view_parse ] --START--
NOTIC: [8] Undefined variable: h D:\webw\test\wwzz\gjyphp\xmyk\app\Runtime\Cache\b13352dcb5f3f616c3d6196742053667.php 第 17 行.
INFO: ParseTemplate Behavior ::run [ RunTime:0.076984s ]
INFO: [ view_parse ] --END-- [ RunTime:0.077044s ]
INFO: [ view_filter ] --START--
INFO: ContentReplace Behavior ::run [ RunTime:0.024590s ]
INFO: TokenBuild Behavior ::run [ RunTime:0.005354s ]
INFO: WriteHtmlCache Behavior ::run [ RunTime:0.000879s ]
INFO: ShowRuntime Behavior ::run [ RunTime:0.006504s ]
INFO: [ view_filter ] --END-- [ RunTime:0.037462s ]
INFO: [ view_end ] --START--
INFO: ShowPageTrace Behavior ::run [ RunTime:0.009748s ]
INFO: [ view_end ] --END-- [ RunTime:0.009799s ]

