[ 2014-04-02T14:59:05+08:00 ] 120.32.186.182 /wwzz/gjyphp/xmyk/index.php
INFO: [ app_begin ] --START--
INFO: ReadHtmlCache Behavior ::run [ RunTime:0.064795s ]
INFO: [ app_begin ] --END-- [ RunTime:0.064879s ]
INFO: [ view_parse ] --START--
INFO: ParseTemplate Behavior ::run [ RunTime:0.044083s ]
INFO: [ view_parse ] --END-- [ RunTime:0.044149s ]
INFO: [ view_filter ] --START--
NOTIC: [8] Use of undefined constant APP_TMPL_PATH - assumed 'APP_TMPL_PATH' D:\webw\test\wwzz\gjyphp\xmyk\ThinkPHP\Lib\Behavior\ContentReplaceBehavior.class.php 第 40 行.
NOTIC: [8] Use of undefined constant APP_TMPL_PATH - assumed 'APP_TMPL_PATH' D:\webw\test\wwzz\gjyphp\xmyk\ThinkPHP\Lib\Behavior\ContentReplaceBehavior.class.php 第 47 行.
INFO: ContentReplace Behavior ::run [ RunTime:0.054864s ]
INFO: TokenBuild Behavior ::run [ RunTime:0.005264s ]
INFO: WriteHtmlCache Behavior ::run [ RunTime:0.000858s ]
INFO: ShowRuntime Behavior ::run [ RunTime:0.006526s ]
INFO: [ view_filter ] --END-- [ RunTime:0.067651s ]
INFO: [ view_end ] --START--
INFO: ShowPageTrace Behavior ::run [ RunTime:0.024124s ]
INFO: [ view_end ] --END-- [ RunTime:0.024174s ]

[ 2014-04-02T14:59:12+08:00 ] 120.32.186.182 /wwzz/gjyphp/xmyk/index.php/Home
INFO: [ route_check ] --START--
INFO: CheckRoute Behavior ::run [ RunTime:0.008143s ]
INFO: [ route_check ] --END-- [ RunTime:0.008233s ]
INFO: [ app_begin ] --START--
INFO: ReadHtmlCache Behavior ::run [ RunTime:0.001036s ]
INFO: [ app_begin ] --END-- [ RunTime:0.001106s ]
INFO: [ view_parse ] --START--
INFO: ParseTemplate Behavior ::run [ RunTime:0.086225s ]
INFO: [ view_parse ] --END-- [ RunTime:0.086330s ]
INFO: [ view_filter ] --START--
INFO: ContentReplace Behavior ::run [ RunTime:0.000889s ]
INFO: TokenBuild Behavior ::run [ RunTime:0.000840s ]
INFO: WriteHtmlCache Behavior ::run [ RunTime:0.000750s ]
INFO: ShowRuntime Behavior ::run [ RunTime:0.000936s ]
INFO: [ view_filter ] --END-- [ RunTime:0.003574s ]
INFO: [ view_end ] --START--
INFO: ShowPageTrace Behavior ::run [ RunTime:0.001064s ]
INFO: [ view_end ] --END-- [ RunTime:0.001124s ]

[ 2014-04-02T14:59:21+08:00 ] 120.32.186.182 /wwzz/gjyphp/xmyk/index.php/Admin
INFO: [ route_check ] --START--
INFO: CheckRoute Behavior ::run [ RunTime:0.001149s ]
INFO: [ route_check ] --END-- [ RunTime:0.001211s ]
INFO: [ app_begin ] --START--
INFO: ReadHtmlCache Behavior ::run [ RunTime:0.000940s ]
INFO: [ app_begin ] --END-- [ RunTime:0.000990s ]
NOTIC: [8] Undefined index:  action D:\webw\test\wwzz\gjyphp\xmyk\app\Lib\Action\AdminAction.class.php 第 26 行.
INFO: [ view_parse ] --START--
NOTIC: [8] Undefined variable: h D:\webw\test\wwzz\gjyphp\xmyk\app\Runtime\Cache\b13352dcb5f3f616c3d6196742053667.php 第 17 行.
INFO: ParseTemplate Behavior ::run [ RunTime:0.026976s ]
INFO: [ view_parse ] --END-- [ RunTime:0.027031s ]
INFO: [ view_filter ] --START--
INFO: ContentReplace Behavior ::run [ RunTime:0.000809s ]
INFO: TokenBuild Behavior ::run [ RunTime:0.000811s ]
INFO: WriteHtmlCache Behavior ::run [ RunTime:0.000715s ]
INFO: ShowRuntime Behavior ::run [ RunTime:0.000887s ]
INFO: [ view_filter ] --END-- [ RunTime:0.003360s ]
INFO: [ view_end ] --START--
INFO: ShowPageTrace Behavior ::run [ RunTime:0.001008s ]
INFO: [ view_end ] --END-- [ RunTime:0.001064s ]

[ 2014-04-02T14:59:27+08:00 ] 120.32.186.182 /wwzz/gjyphp/xmyk/index.php/Admin/index/action/1
INFO: [ route_check ] --START--
INFO: CheckRoute Behavior ::run [ RunTime:0.001157s ]
INFO: [ route_check ] --END-- [ RunTime:0.001219s ]
INFO: [ app_begin ] --START--
INFO: ReadHtmlCache Behavior ::run [ RunTime:0.000942s ]
INFO: [ app_begin ] --END-- [ RunTime:0.000994s ]
SQL: SHOW COLUMNS FROM `bm_admin` [ RunTime:0.059269s ]
SQL: SELECT * FROM `bm_admin` WHERE ( name="21nic" AND password="880d45eb62d70418dff7bade4488f0a3" )  [ RunTime:0.000170s ]
INFO: [ view_parse ] --START--
INFO: ParseTemplate Behavior ::run [ RunTime:0.028216s ]
INFO: [ view_parse ] --END-- [ RunTime:0.028277s ]
INFO: [ view_filter ] --START--
INFO: ContentReplace Behavior ::run [ RunTime:0.000899s ]
INFO: TokenBuild Behavior ::run [ RunTime:0.000828s ]
INFO: WriteHtmlCache Behavior ::run [ RunTime:0.000734s ]
INFO: ShowRuntime Behavior ::run [ RunTime:0.000898s ]
INFO: [ view_filter ] --END-- [ RunTime:0.003494s ]
INFO: [ view_end ] --START--
INFO: ShowPageTrace Behavior ::run [ RunTime:0.001026s ]
INFO: [ view_end ] --END-- [ RunTime:0.001076s ]

[ 2014-04-02T14:59:30+08:00 ] 120.32.186.182 /wwzz/gjyphp/xmyk/index.php/Admin/ksbm_select
INFO: [ route_check ] --START--
INFO: CheckRoute Behavior ::run [ RunTime:0.001163s ]
INFO: [ route_check ] --END-- [ RunTime:0.001226s ]
INFO: [ app_begin ] --START--
INFO: ReadHtmlCache Behavior ::run [ RunTime:0.000956s ]
INFO: [ app_begin ] --END-- [ RunTime:0.001002s ]
NOTIC: 建议使用I方法替代_post
SQL: SHOW COLUMNS FROM `kjj` [ RunTime:0.019769s ]
SQL: SELECT * FROM `kjj`  [ RunTime:0.000160s ]
SQL: SHOW COLUMNS FROM `zygl` [ RunTime:0.026961s ]
SQL: SELECT * FROM `zygl`  [ RunTime:0.000215s ]
SQL: SHOW COLUMNS FROM `ksbm` [ RunTime:0.008326s ]
SQL: SELECT COUNT(*) AS tp_count FROM `ksbm` WHERE (  id<>0  ) LIMIT 1   [ RunTime:0.000171s ]
SQL: SELECT * FROM `ksbm` WHERE (  id<>0  ) ORDER BY bm_time LIMIT 0,30   [ RunTime:0.000190s ]
INFO: [ view_parse ] --START--
INFO: ParseTemplate Behavior ::run [ RunTime:0.035552s ]
INFO: [ view_parse ] --END-- [ RunTime:0.035610s ]
INFO: [ view_filter ] --START--
INFO: ContentReplace Behavior ::run [ RunTime:0.000573s ]
INFO: TokenBuild Behavior ::run [ RunTime:0.000815s ]
INFO: WriteHtmlCache Behavior ::run [ RunTime:0.000715s ]
INFO: ShowRuntime Behavior ::run [ RunTime:0.000881s ]
INFO: [ view_filter ] --END-- [ RunTime:0.003100s ]
INFO: [ view_end ] --START--
INFO: ShowPageTrace Behavior ::run [ RunTime:0.001007s ]
INFO: [ view_end ] --END-- [ RunTime:0.001051s ]

[ 2014-04-02T14:59:33+08:00 ] 120.32.186.182 /wwzz/gjyphp/xmyk/index.php/Admin/ks_show
INFO: [ route_check ] --START--
INFO: CheckRoute Behavior ::run [ RunTime:0.001147s ]
INFO: [ route_check ] --END-- [ RunTime:0.001210s ]
INFO: [ app_begin ] --START--
INFO: ReadHtmlCache Behavior ::run [ RunTime:0.000938s ]
INFO: [ app_begin ] --END-- [ RunTime:0.000982s ]
SQL: SHOW COLUMNS FROM `kjj` [ RunTime:0.000773s ]
SQL: SELECT * FROM `kjj`  [ RunTime:0.000165s ]
INFO: [ view_parse ] --START--
NOTIC: [8] Undefined variable: data1 D:\webw\test\wwzz\gjyphp\xmyk\app\Runtime\Cache\8faa5a1bbd35c1d5c8fe4769dc153b2a.php 第 10 行.
NOTIC: [8] Undefined variable: data1 D:\webw\test\wwzz\gjyphp\xmyk\app\Runtime\Cache\8faa5a1bbd35c1d5c8fe4769dc153b2a.php 第 10 行.
NOTIC: [8] Undefined variable: data1 D:\webw\test\wwzz\gjyphp\xmyk\app\Runtime\Cache\8faa5a1bbd35c1d5c8fe4769dc153b2a.php 第 10 行.
NOTIC: [8] Undefined variable: data1 D:\webw\test\wwzz\gjyphp\xmyk\app\Runtime\Cache\8faa5a1bbd35c1d5c8fe4769dc153b2a.php 第 10 行.
NOTIC: [8] Undefined variable: data1 D:\webw\test\wwzz\gjyphp\xmyk\app\Runtime\Cache\8faa5a1bbd35c1d5c8fe4769dc153b2a.php 第 10 行.
NOTIC: [8] Undefined variable: data1 D:\webw\test\wwzz\gjyphp\xmyk\app\Runtime\Cache\8faa5a1bbd35c1d5c8fe4769dc153b2a.php 第 10 行.
NOTIC: [8] Undefined variable: data1 D:\webw\test\wwzz\gjyphp\xmyk\app\Runtime\Cache\8faa5a1bbd35c1d5c8fe4769dc153b2a.php 第 23 行.
NOTIC: [8] Undefined variable: data1 D:\webw\test\wwzz\gjyphp\xmyk\app\Runtime\Cache\8faa5a1bbd35c1d5c8fe4769dc153b2a.php 第 27 行.
NOTIC: [8] Undefined variable: data1 D:\webw\test\wwzz\gjyphp\xmyk\app\Runtime\Cache\8faa5a1bbd35c1d5c8fe4769dc153b2a.php 第 32 行.
NOTIC: [8] Undefined variable: data1 D:\webw\test\wwzz\gjyphp\xmyk\app\Runtime\Cache\8faa5a1bbd35c1d5c8fe4769dc153b2a.php 第 36 行.
NOTIC: [8] Undefined variable: data1 D:\webw\test\wwzz\gjyphp\xmyk\app\Runtime\Cache\8faa5a1bbd35c1d5c8fe4769dc153b2a.php 第 43 行.
NOTIC: [8] Undefined variable: data1 D:\webw\test\wwzz\gjyphp\xmyk\app\Runtime\Cache\8faa5a1bbd35c1d5c8fe4769dc153b2a.php 第 47 行.
NOTIC: [8] Undefined variable: data1 D:\webw\test\wwzz\gjyphp\xmyk\app\Runtime\Cache\8faa5a1bbd35c1d5c8fe4769dc153b2a.php 第 54 行.
NOTIC: [8] Undefined variable: data1 D:\webw\test\wwzz\gjyphp\xmyk\app\Runtime\Cache\8faa5a1bbd35c1d5c8fe4769dc153b2a.php 第 55 行.
NOTIC: [8] Undefined variable: data1 D:\webw\test\wwzz\gjyphp\xmyk\app\Runtime\Cache\8faa5a1bbd35c1d5c8fe4769dc153b2a.php 第 65 行.
INFO: ParseTemplate Behavior ::run [ RunTime:0.020165s ]
INFO: [ view_parse ] --END-- [ RunTime:0.020208s ]
INFO: [ view_filter ] --START--
INFO: ContentReplace Behavior ::run [ RunTime:0.000797s ]
INFO: TokenBuild Behavior ::run [ RunTime:0.000805s ]
INFO: WriteHtmlCache Behavior ::run [ RunTime:0.000719s ]
INFO: ShowRuntime Behavior ::run [ RunTime:0.000877s ]
INFO: [ view_filter ] --END-- [ RunTime:0.003312s ]
INFO: [ view_end ] --START--
INFO: ShowPageTrace Behavior ::run [ RunTime:0.001001s ]
INFO: [ view_end ] --END-- [ RunTime:0.001047s ]

[ 2014-04-02T14:59:35+08:00 ] 120.32.186.182 /wwzz/gjyphp/xmyk/index.php/Admin/zy_show
INFO: [ route_check ] --START--
INFO: CheckRoute Behavior ::run [ RunTime:0.001147s ]
INFO: [ route_check ] --END-- [ RunTime:0.001208s ]
INFO: [ app_begin ] --START--
INFO: ReadHtmlCache Behavior ::run [ RunTime:0.000941s ]
INFO: [ app_begin ] --END-- [ RunTime:0.000984s ]
NOTIC: [8] Constant THEME_NAME already defined D:\webw\test\wwzz\gjyphp\xmyk\ThinkPHP\Lib\Core\View.class.php 第 223 行.
NOTIC: [8] Constant THEME_PATH already defined D:\webw\test\wwzz\gjyphp\xmyk\ThinkPHP\Lib\Core\View.class.php 第 174 行.
NOTIC: [8] Constant APP_TMPL_PATH already defined D:\webw\test\wwzz\gjyphp\xmyk\ThinkPHP\Lib\Core\View.class.php 第 175 行.
INFO: [ view_parse ] --START--
NOTIC: [8] Undefined variable: data D:\webw\test\wwzz\gjyphp\xmyk\app\Runtime\Cache\ac2dd5192295ac9c8a9463673a353090.php 第 8 行.
NOTIC: [8] Undefined variable: data D:\webw\test\wwzz\gjyphp\xmyk\app\Runtime\Cache\ac2dd5192295ac9c8a9463673a353090.php 第 12 行.
NOTIC: [8] Undefined variable: data D:\webw\test\wwzz\gjyphp\xmyk\app\Runtime\Cache\ac2dd5192295ac9c8a9463673a353090.php 第 13 行.
NOTIC: [8] Undefined variable: data D:\webw\test\wwzz\gjyphp\xmyk\app\Runtime\Cache\ac2dd5192295ac9c8a9463673a353090.php 第 15 行.
INFO: ParseTemplate Behavior ::run [ RunTime:0.027009s ]
INFO: [ view_parse ] --END-- [ RunTime:0.027053s ]
INFO: [ view_filter ] --START--
INFO: ContentReplace Behavior ::run [ RunTime:0.000790s ]
INFO: TokenBuild Behavior ::run [ RunTime:0.000804s ]
INFO: WriteHtmlCache Behavior ::run [ RunTime:0.000715s ]
INFO: ShowRuntime Behavior ::run [ RunTime:0.000877s ]
INFO: [ view_filter ] --END-- [ RunTime:0.003302s ]
INFO: [ view_end ] --START--
INFO: ShowPageTrace Behavior ::run [ RunTime:0.000979s ]
INFO: [ view_end ] --END-- [ RunTime:0.001019s ]

[ 2014-04-02T14:59:36+08:00 ] 120.32.186.182 /wwzz/gjyphp/xmyk/index.php/Admin/zy_select
INFO: [ route_check ] --START--
INFO: CheckRoute Behavior ::run [ RunTime:0.001147s ]
INFO: [ route_check ] --END-- [ RunTime:0.001209s ]
INFO: [ app_begin ] --START--
INFO: ReadHtmlCache Behavior ::run [ RunTime:0.000939s ]
INFO: [ app_begin ] --END-- [ RunTime:0.000983s ]
SQL: SHOW COLUMNS FROM `zygl` [ RunTime:0.000768s ]
SQL: SELECT * FROM `zygl`  [ RunTime:0.000126s ]
INFO: [ view_parse ] --START--
INFO: ParseTemplate Behavior ::run [ RunTime:0.018864s ]
INFO: [ view_parse ] --END-- [ RunTime:0.018920s ]
INFO: [ view_filter ] --START--
INFO: ContentReplace Behavior ::run [ RunTime:0.000804s ]
INFO: TokenBuild Behavior ::run [ RunTime:0.000801s ]
INFO: WriteHtmlCache Behavior ::run [ RunTime:0.000711s ]
INFO: ShowRuntime Behavior ::run [ RunTime:0.000875s ]
INFO: [ view_filter ] --END-- [ RunTime:0.003311s ]
INFO: [ view_end ] --START--
INFO: ShowPageTrace Behavior ::run [ RunTime:0.001007s ]
INFO: [ view_end ] --END-- [ RunTime:0.001053s ]

[ 2014-04-02T15:15:04+08:00 ] 120.32.186.182 /wwzz/gjyphp/xmyk/index.php/Admin/ksbm_select
INFO: [ route_check ] --START--
INFO: CheckRoute Behavior ::run [ RunTime:0.001162s ]
INFO: [ route_check ] --END-- [ RunTime:0.001225s ]
INFO: [ app_begin ] --START--
INFO: ReadHtmlCache Behavior ::run [ RunTime:0.000976s ]
INFO: [ app_begin ] --END-- [ RunTime:0.001022s ]
NOTIC: 建议使用I方法替代_post
SQL: SHOW COLUMNS FROM `kjj` [ RunTime:0.000863s ]
SQL: SELECT * FROM `kjj`  [ RunTime:0.000076s ]
SQL: SHOW COLUMNS FROM `zygl` [ RunTime:0.000670s ]
SQL: SELECT * FROM `zygl`  [ RunTime:0.000137s ]
SQL: SHOW COLUMNS FROM `ksbm` [ RunTime:0.000812s ]
SQL: SELECT COUNT(*) AS tp_count FROM `ksbm` WHERE (  id<>0  ) LIMIT 1   [ RunTime:0.000081s ]
SQL: SELECT * FROM `ksbm` WHERE (  id<>0  ) ORDER BY bm_time LIMIT 0,30   [ RunTime:0.000096s ]
INFO: [ view_parse ] --START--
INFO: ParseTemplate Behavior ::run [ RunTime:0.017134s ]
INFO: [ view_parse ] --END-- [ RunTime:0.017193s ]
INFO: [ view_filter ] --START--
INFO: ContentReplace Behavior ::run [ RunTime:0.000833s ]
INFO: TokenBuild Behavior ::run [ RunTime:0.000812s ]
INFO: WriteHtmlCache Behavior ::run [ RunTime:0.000719s ]
INFO: ShowRuntime Behavior ::run [ RunTime:0.000888s ]
INFO: [ view_filter ] --END-- [ RunTime:0.003371s ]
INFO: [ view_end ] --START--
INFO: ShowPageTrace Behavior ::run [ RunTime:0.001008s ]
INFO: [ view_end ] --END-- [ RunTime:0.001053s ]

