[ 2014-03-31T16:00:49+08:00 ] 83.100.228.84 /wwzz/gjyphp/xmyk/index.php/Home
INFO: [ route_check ] --START--
INFO: CheckRoute Behavior ::run [ RunTime:0.052539s ]
INFO: [ route_check ] --END-- [ RunTime:0.052612s ]
INFO: [ app_begin ] --START--
INFO: ReadHtmlCache Behavior ::run [ RunTime:0.049075s ]
INFO: [ app_begin ] --END-- [ RunTime:0.049135s ]
INFO: [ view_parse ] --START--
INFO: ParseTemplate Behavior ::run [ RunTime:0.219527s ]
INFO: [ view_parse ] --END-- [ RunTime:0.219603s ]
INFO: [ view_filter ] --START--
INFO: ContentReplace Behavior ::run [ RunTime:0.011678s ]
INFO: TokenBuild Behavior ::run [ RunTime:0.055324s ]
INFO: WriteHtmlCache Behavior ::run [ RunTime:0.008459s ]
INFO: ShowRuntime Behavior ::run [ RunTime:0.032253s ]
INFO: [ view_filter ] --END-- [ RunTime:0.107854s ]
INFO: [ view_end ] --START--
INFO: ShowPageTrace Behavior ::run [ RunTime:0.039919s ]
INFO: [ view_end ] --END-- [ RunTime:0.039973s ]

[ 2014-03-31T16:10:18+08:00 ] 83.100.228.84 /wwzz/gjyphp/xmyk/index.php/Admin/bm_quit
INFO: [ route_check ] --START--
INFO: CheckRoute Behavior ::run [ RunTime:0.153692s ]
INFO: [ route_check ] --END-- [ RunTime:0.153771s ]
INFO: [ app_begin ] --START--
INFO: ReadHtmlCache Behavior ::run [ RunTime:0.089030s ]
INFO: [ app_begin ] --END-- [ RunTime:0.089101s ]
NOTIC: [8] Undefined index:  action D:\webw\test\wwzz\gjyphp\xmyk\app\Lib\Action\AdminAction.class.php 第 26 行.
INFO: [ view_parse ] --START--
NOTIC: [8] Undefined variable: h D:\webw\test\wwzz\gjyphp\xmyk\app\Runtime\Cache\b13352dcb5f3f616c3d6196742053667.php 第 17 行.
INFO: ParseTemplate Behavior ::run [ RunTime:1.027664s ]
INFO: [ view_parse ] --END-- [ RunTime:1.027738s ]
INFO: [ view_filter ] --START--
INFO: ContentReplace Behavior ::run [ RunTime:0.090519s ]
INFO: TokenBuild Behavior ::run [ RunTime:0.255374s ]
INFO: WriteHtmlCache Behavior ::run [ RunTime:0.066734s ]
INFO: ShowRuntime Behavior ::run [ RunTime:0.065592s ]
INFO: [ view_filter ] --END-- [ RunTime:0.478376s ]
INFO: [ view_end ] --START--
INFO: ShowPageTrace Behavior ::run [ RunTime:0.117970s ]
INFO: [ view_end ] --END-- [ RunTime:0.118026s ]

[ 2014-03-31T16:10:29+08:00 ] 83.100.228.84 /wwzz/gjyphp/xmyk/index.php/Admin/bm_quit
INFO: [ route_check ] --START--
INFO: CheckRoute Behavior ::run [ RunTime:0.001168s ]
INFO: [ route_check ] --END-- [ RunTime:0.001232s ]
INFO: [ app_begin ] --START--
INFO: ReadHtmlCache Behavior ::run [ RunTime:0.000967s ]
INFO: [ app_begin ] --END-- [ RunTime:0.001020s ]
NOTIC: [8] Undefined index:  action D:\webw\test\wwzz\gjyphp\xmyk\app\Lib\Action\AdminAction.class.php 第 26 行.
INFO: [ view_parse ] --START--
NOTIC: [8] Undefined variable: h D:\webw\test\wwzz\gjyphp\xmyk\app\Runtime\Cache\b13352dcb5f3f616c3d6196742053667.php 第 17 行.
INFO: ParseTemplate Behavior ::run [ RunTime:0.013223s ]
INFO: [ view_parse ] --END-- [ RunTime:0.013286s ]
INFO: [ view_filter ] --START--
INFO: ContentReplace Behavior ::run [ RunTime:0.000828s ]
INFO: TokenBuild Behavior ::run [ RunTime:0.000827s ]
INFO: WriteHtmlCache Behavior ::run [ RunTime:0.000736s ]
INFO: ShowRuntime Behavior ::run [ RunTime:0.000906s ]
INFO: [ view_filter ] --END-- [ RunTime:0.003434s ]
INFO: [ view_end ] --START--
INFO: ShowPageTrace Behavior ::run [ RunTime:0.001054s ]
INFO: [ view_end ] --END-- [ RunTime:0.001106s ]

[ 2014-03-31T16:10:37+08:00 ] 83.100.228.84 /wwzz/gjyphp/xmyk/index.php/Admin/bm_quit/action/1
INFO: [ route_check ] --START--
INFO: CheckRoute Behavior ::run [ RunTime:0.001145s ]
INFO: [ route_check ] --END-- [ RunTime:0.001208s ]
INFO: [ app_begin ] --START--
INFO: ReadHtmlCache Behavior ::run [ RunTime:0.000948s ]
INFO: [ app_begin ] --END-- [ RunTime:0.001000s ]
SQL: SHOW COLUMNS FROM `bm_admin` [ RunTime:0.078158s ]
SQL: SELECT * FROM `bm_admin` WHERE ( name="21nic" AND password="880d45eb62d70418dff7bade4488f0a3" )  [ RunTime:0.000173s ]
INFO: [ view_parse ] --START--
INFO: ParseTemplate Behavior ::run [ RunTime:0.111101s ]
INFO: [ view_parse ] --END-- [ RunTime:0.111168s ]
INFO: [ view_filter ] --START--
INFO: ContentReplace Behavior ::run [ RunTime:0.000904s ]
INFO: TokenBuild Behavior ::run [ RunTime:0.000841s ]
INFO: WriteHtmlCache Behavior ::run [ RunTime:0.000736s ]
INFO: ShowRuntime Behavior ::run [ RunTime:0.000904s ]
INFO: [ view_filter ] --END-- [ RunTime:0.003522s ]
INFO: [ view_end ] --START--
INFO: ShowPageTrace Behavior ::run [ RunTime:0.001031s ]
INFO: [ view_end ] --END-- [ RunTime:0.001084s ]

[ 2014-03-31T16:10:43+08:00 ] 83.100.228.84 /wwzz/gjyphp/xmyk/index.php/Admin/zy_select
INFO: [ route_check ] --START--
INFO: CheckRoute Behavior ::run [ RunTime:0.001155s ]
INFO: [ route_check ] --END-- [ RunTime:0.001216s ]
INFO: [ app_begin ] --START--
INFO: ReadHtmlCache Behavior ::run [ RunTime:0.000939s ]
INFO: [ app_begin ] --END-- [ RunTime:0.000983s ]
SQL: SHOW COLUMNS FROM `zygl` [ RunTime:0.109565s ]
SQL: SELECT * FROM `zygl`  [ RunTime:0.106428s ]
INFO: [ view_parse ] --START--
INFO: ParseTemplate Behavior ::run [ RunTime:0.179553s ]
INFO: [ view_parse ] --END-- [ RunTime:0.179625s ]
INFO: [ view_filter ] --START--
INFO: ContentReplace Behavior ::run [ RunTime:0.000833s ]
INFO: TokenBuild Behavior ::run [ RunTime:0.000808s ]
INFO: WriteHtmlCache Behavior ::run [ RunTime:0.000724s ]
INFO: ShowRuntime Behavior ::run [ RunTime:0.000907s ]
INFO: [ view_filter ] --END-- [ RunTime:0.003391s ]
INFO: [ view_end ] --START--
INFO: ShowPageTrace Behavior ::run [ RunTime:0.001002s ]
INFO: [ view_end ] --END-- [ RunTime:0.001048s ]

[ 2014-03-31T16:40:18+08:00 ] 180.153.161.217 /wwzz/gjyphp/xmyk/index.php/Admin/bm_quit
INFO: [ route_check ] --START--
INFO: CheckRoute Behavior ::run [ RunTime:0.101046s ]
INFO: [ route_check ] --END-- [ RunTime:0.101120s ]
INFO: [ app_begin ] --START--
INFO: ReadHtmlCache Behavior ::run [ RunTime:0.064414s ]
INFO: [ app_begin ] --END-- [ RunTime:0.064468s ]
NOTIC: [8] Undefined index:  action D:\webw\test\wwzz\gjyphp\xmyk\app\Lib\Action\AdminAction.class.php 第 26 行.
INFO: [ view_parse ] --START--
NOTIC: [8] Undefined variable: h D:\webw\test\wwzz\gjyphp\xmyk\app\Runtime\Cache\b13352dcb5f3f616c3d6196742053667.php 第 17 行.
INFO: ParseTemplate Behavior ::run [ RunTime:0.293630s ]
INFO: [ view_parse ] --END-- [ RunTime:0.293702s ]
INFO: [ view_filter ] --START--
INFO: ContentReplace Behavior ::run [ RunTime:0.016253s ]
INFO: TokenBuild Behavior ::run [ RunTime:0.038684s ]
INFO: WriteHtmlCache Behavior ::run [ RunTime:0.010107s ]
INFO: ShowRuntime Behavior ::run [ RunTime:0.022279s ]
INFO: [ view_filter ] --END-- [ RunTime:0.087461s ]
INFO: [ view_end ] --START--
INFO: ShowPageTrace Behavior ::run [ RunTime:0.051474s ]
INFO: [ view_end ] --END-- [ RunTime:0.051528s ]

[ 2014-03-31T16:43:05+08:00 ] 180.153.161.217 /wwzz/gjyphp/xmyk/index.php/Admin/bm_quit/
INFO: [ route_check ] --START--
INFO: CheckRoute Behavior ::run [ RunTime:0.001189s ]
INFO: [ route_check ] --END-- [ RunTime:0.001256s ]
INFO: [ app_begin ] --START--
INFO: ReadHtmlCache Behavior ::run [ RunTime:0.000948s ]
INFO: [ app_begin ] --END-- [ RunTime:0.001001s ]
NOTIC: [8] Undefined index:  action D:\webw\test\wwzz\gjyphp\xmyk\app\Lib\Action\AdminAction.class.php 第 26 行.
INFO: [ view_parse ] --START--
NOTIC: [8] Undefined variable: h D:\webw\test\wwzz\gjyphp\xmyk\app\Runtime\Cache\b13352dcb5f3f616c3d6196742053667.php 第 17 行.
INFO: ParseTemplate Behavior ::run [ RunTime:0.009767s ]
INFO: [ view_parse ] --END-- [ RunTime:0.009829s ]
INFO: [ view_filter ] --START--
INFO: ContentReplace Behavior ::run [ RunTime:0.000831s ]
INFO: TokenBuild Behavior ::run [ RunTime:0.000831s ]
INFO: WriteHtmlCache Behavior ::run [ RunTime:0.000745s ]
INFO: ShowRuntime Behavior ::run [ RunTime:0.000914s ]
INFO: [ view_filter ] --END-- [ RunTime:0.003453s ]
INFO: [ view_end ] --START--
INFO: ShowPageTrace Behavior ::run [ RunTime:0.001032s ]
INFO: [ view_end ] --END-- [ RunTime:0.001081s ]

[ 2014-03-31T16:46:31+08:00 ] 180.153.161.217 /wwzz/gjyphp/xmyk/index.php/Admin/bm_quit/
INFO: [ route_check ] --START--
INFO: CheckRoute Behavior ::run [ RunTime:0.001159s ]
INFO: [ route_check ] --END-- [ RunTime:0.001224s ]
INFO: [ app_begin ] --START--
INFO: ReadHtmlCache Behavior ::run [ RunTime:0.000945s ]
INFO: [ app_begin ] --END-- [ RunTime:0.000997s ]
NOTIC: [8] Undefined index:  action D:\webw\test\wwzz\gjyphp\xmyk\app\Lib\Action\AdminAction.class.php 第 26 行.
INFO: [ view_parse ] --START--
NOTIC: [8] Undefined variable: h D:\webw\test\wwzz\gjyphp\xmyk\app\Runtime\Cache\b13352dcb5f3f616c3d6196742053667.php 第 17 行.
INFO: ParseTemplate Behavior ::run [ RunTime:0.013120s ]
INFO: [ view_parse ] --END-- [ RunTime:0.013182s ]
INFO: [ view_filter ] --START--
INFO: ContentReplace Behavior ::run [ RunTime:0.000798s ]
INFO: TokenBuild Behavior ::run [ RunTime:0.000802s ]
INFO: WriteHtmlCache Behavior ::run [ RunTime:0.000717s ]
INFO: ShowRuntime Behavior ::run [ RunTime:0.000880s ]
INFO: [ view_filter ] --END-- [ RunTime:0.003329s ]
INFO: [ view_end ] --START--
INFO: ShowPageTrace Behavior ::run [ RunTime:0.000997s ]
INFO: [ view_end ] --END-- [ RunTime:0.001047s ]

