[ 2014-03-09T18:20:58+08:00 ] 0.0.0.0 /cs/index.php
INFO: [ app_begin ] --START--
INFO: ReadHtmlCache Behavior ::run [ RunTime:0.005189s ]
INFO: [ app_begin ] --END-- [ RunTime:0.028997s ]
INFO: [ view_parse ] --START--
INFO: ParseTemplate Behavior ::run [ RunTime:0.003833s ]
INFO: [ view_parse ] --END-- [ RunTime:0.004083s ]
INFO: [ view_filter ] --START--
NOTIC: [8] Use of undefined constant APP_TMPL_PATH - assumed 'APP_TMPL_PATH' F:\xampp\htdocs\ThinkPHP\Lib\Behavior\ContentReplaceBehavior.class.php 第 40 行.
NOTIC: [8] Use of undefined constant APP_TMPL_PATH - assumed 'APP_TMPL_PATH' F:\xampp\htdocs\ThinkPHP\Lib\Behavior\ContentReplaceBehavior.class.php 第 47 行.
INFO: ContentReplace Behavior ::run [ RunTime:0.002990s ]
INFO: TokenBuild Behavior ::run [ RunTime:0.002134s ]
INFO: WriteHtmlCache Behavior ::run [ RunTime:0.001976s ]
INFO: ShowRuntime Behavior ::run [ RunTime:0.002233s ]
INFO: [ view_filter ] --END-- [ RunTime:0.009882s ]
INFO: [ view_end ] --START--
INFO: ShowPageTrace Behavior ::run [ RunTime:0.002678s ]
INFO: [ view_end ] --END-- [ RunTime:0.002842s ]

[ 2014-03-09T18:21:25+08:00 ] 0.0.0.0 /cs/index.php/Index/i
INFO: [ route_check ] --START--
INFO: CheckRoute Behavior ::run [ RunTime:0.021059s ]
INFO: [ route_check ] --END-- [ RunTime:0.021289s ]
INFO: [ app_begin ] --START--
INFO: ReadHtmlCache Behavior ::run [ RunTime:0.001990s ]
INFO: [ app_begin ] --END-- [ RunTime:0.002198s ]

[ 2014-03-09T18:24:00+08:00 ] 0.0.0.0 /cs/index.php/Home/i
INFO: [ route_check ] --START--
INFO: CheckRoute Behavior ::run [ RunTime:0.003276s ]
INFO: [ route_check ] --END-- [ RunTime:0.003556s ]
INFO: [ app_begin ] --START--
INFO: ReadHtmlCache Behavior ::run [ RunTime:0.002567s ]
INFO: [ app_begin ] --END-- [ RunTime:0.002794s ]
ERR: 非法操作:i

[ 2014-03-09T18:24:07+08:00 ] 0.0.0.0 /cs/index.php/Home/cs
INFO: [ route_check ] --START--
INFO: CheckRoute Behavior ::run [ RunTime:0.004029s ]
INFO: [ route_check ] --END-- [ RunTime:0.004384s ]
INFO: [ app_begin ] --START--
INFO: ReadHtmlCache Behavior ::run [ RunTime:0.002419s ]
INFO: [ app_begin ] --END-- [ RunTime:0.002614s ]

[ 2014-03-09T18:53:59+08:00 ] 0.0.0.0 /cs/index.php/Home/
INFO: [ route_check ] --START--
INFO: CheckRoute Behavior ::run [ RunTime:0.002805s ]
INFO: [ route_check ] --END-- [ RunTime:0.003027s ]
INFO: [ app_begin ] --START--
INFO: ReadHtmlCache Behavior ::run [ RunTime:0.002348s ]
INFO: [ app_begin ] --END-- [ RunTime:0.002525s ]
INFO: [ view_parse ] --START--
INFO: ParseTemplate Behavior ::run [ RunTime:0.092392s ]
INFO: [ view_parse ] --END-- [ RunTime:0.092638s ]
INFO: [ view_filter ] --START--
INFO: ContentReplace Behavior ::run [ RunTime:0.001876s ]
INFO: TokenBuild Behavior ::run [ RunTime:0.001885s ]
INFO: WriteHtmlCache Behavior ::run [ RunTime:0.001539s ]
INFO: ShowRuntime Behavior ::run [ RunTime:0.002513s ]
INFO: [ view_filter ] --END-- [ RunTime:0.008431s ]
INFO: [ view_end ] --START--
INFO: ShowPageTrace Behavior ::run [ RunTime:0.002721s ]
INFO: [ view_end ] --END-- [ RunTime:0.002916s ]

[ 2014-03-09T18:55:07+08:00 ] 0.0.0.0 /cs/index.php/Home/ni/123
INFO: [ route_check ] --START--
INFO: CheckRoute Behavior ::run [ RunTime:0.003796s ]
INFO: [ route_check ] --END-- [ RunTime:0.004097s ]
INFO: [ app_begin ] --START--
INFO: ReadHtmlCache Behavior ::run [ RunTime:0.002589s ]
INFO: [ app_begin ] --END-- [ RunTime:0.002850s ]
ERR: 非法操作:ni

[ 2014-03-09T18:55:17+08:00 ] 0.0.0.0 /cs/index.php/Home/ni/123
INFO: [ route_check ] --START--
INFO: CheckRoute Behavior ::run [ RunTime:0.003023s ]
INFO: [ route_check ] --END-- [ RunTime:0.003431s ]
INFO: [ app_begin ] --START--
INFO: ReadHtmlCache Behavior ::run [ RunTime:0.001606s ]
INFO: [ app_begin ] --END-- [ RunTime:0.001794s ]
ERR: 非法操作:ni

[ 2014-03-09T18:55:36+08:00 ] 0.0.0.0 /cs/index.php/Home/Index/ni/123
INFO: [ route_check ] --START--
INFO: CheckRoute Behavior ::run [ RunTime:0.003671s ]
INFO: [ route_check ] --END-- [ RunTime:0.003986s ]
INFO: [ app_begin ] --START--
INFO: ReadHtmlCache Behavior ::run [ RunTime:0.002097s ]
INFO: [ app_begin ] --END-- [ RunTime:0.002324s ]
INFO: [ view_parse ] --START--
INFO: ParseTemplate Behavior ::run [ RunTime:0.026559s ]
INFO: [ view_parse ] --END-- [ RunTime:0.026830s ]
INFO: [ view_filter ] --START--
INFO: ContentReplace Behavior ::run [ RunTime:0.001696s ]
INFO: TokenBuild Behavior ::run [ RunTime:0.001706s ]
INFO: WriteHtmlCache Behavior ::run [ RunTime:0.001283s ]
INFO: ShowRuntime Behavior ::run [ RunTime:0.002532s ]
INFO: [ view_filter ] --END-- [ RunTime:0.007882s ]
INFO: [ view_end ] --START--
INFO: ShowPageTrace Behavior ::run [ RunTime:0.002890s ]
INFO: [ view_end ] --END-- [ RunTime:0.003144s ]

[ 2014-03-09T18:55:41+08:00 ] 0.0.0.0 /cs/index.php/Home/Index/ni/234
INFO: [ route_check ] --START--
INFO: CheckRoute Behavior ::run [ RunTime:0.003102s ]
INFO: [ route_check ] --END-- [ RunTime:0.003423s ]
INFO: [ app_begin ] --START--
INFO: ReadHtmlCache Behavior ::run [ RunTime:0.002142s ]
INFO: [ app_begin ] --END-- [ RunTime:0.002367s ]
INFO: [ view_parse ] --START--
INFO: ParseTemplate Behavior ::run [ RunTime:0.025900s ]
INFO: [ view_parse ] --END-- [ RunTime:0.026169s ]
INFO: [ view_filter ] --START--
INFO: ContentReplace Behavior ::run [ RunTime:0.001382s ]
INFO: TokenBuild Behavior ::run [ RunTime:0.001640s ]
INFO: WriteHtmlCache Behavior ::run [ RunTime:0.001137s ]
INFO: ShowRuntime Behavior ::run [ RunTime:0.002807s ]
INFO: [ view_filter ] --END-- [ RunTime:0.007664s ]
INFO: [ view_end ] --START--
INFO: ShowPageTrace Behavior ::run [ RunTime:0.002440s ]
INFO: [ view_end ] --END-- [ RunTime:0.002673s ]

[ 2014-03-09T18:56:10+08:00 ] 0.0.0.0 /cs/index.php/Home/Index/ni/%60232234
INFO: [ route_check ] --START--
INFO: CheckRoute Behavior ::run [ RunTime:0.002596s ]
INFO: [ route_check ] --END-- [ RunTime:0.002868s ]
INFO: [ app_begin ] --START--
INFO: ReadHtmlCache Behavior ::run [ RunTime:0.001707s ]
INFO: [ app_begin ] --END-- [ RunTime:0.001877s ]
INFO: [ view_parse ] --START--
INFO: ParseTemplate Behavior ::run [ RunTime:0.021055s ]
INFO: [ view_parse ] --END-- [ RunTime:0.021297s ]
INFO: [ view_filter ] --START--
INFO: ContentReplace Behavior ::run [ RunTime:0.001076s ]
INFO: TokenBuild Behavior ::run [ RunTime:0.001024s ]
INFO: WriteHtmlCache Behavior ::run [ RunTime:0.001048s ]
INFO: ShowRuntime Behavior ::run [ RunTime:0.001690s ]
INFO: [ view_filter ] --END-- [ RunTime:0.005466s ]
INFO: [ view_end ] --START--
INFO: ShowPageTrace Behavior ::run [ RunTime:0.002672s ]
INFO: [ view_end ] --END-- [ RunTime:0.002918s ]

[ 2014-03-09T18:57:27+08:00 ] 0.0.0.0 /cs/index.php/Home/Index/ni/123
INFO: [ route_check ] --START--
INFO: CheckRoute Behavior ::run [ RunTime:0.003552s ]
INFO: [ route_check ] --END-- [ RunTime:0.004094s ]
INFO: [ app_begin ] --START--
INFO: ReadHtmlCache Behavior ::run [ RunTime:0.002356s ]
INFO: [ app_begin ] --END-- [ RunTime:0.002611s ]
INFO: [ view_parse ] --START--
INFO: ParseTemplate Behavior ::run [ RunTime:0.027655s ]
INFO: [ view_parse ] --END-- [ RunTime:0.027939s ]
INFO: [ view_filter ] --START--
INFO: ContentReplace Behavior ::run [ RunTime:0.002443s ]
INFO: TokenBuild Behavior ::run [ RunTime:0.001238s ]
INFO: WriteHtmlCache Behavior ::run [ RunTime:0.000919s ]
INFO: ShowRuntime Behavior ::run [ RunTime:0.001904s ]
INFO: [ view_filter ] --END-- [ RunTime:0.007182s ]
INFO: [ view_end ] --START--
INFO: ShowPageTrace Behavior ::run [ RunTime:0.002895s ]
INFO: [ view_end ] --END-- [ RunTime:0.003147s ]

[ 2014-03-09T18:57:34+08:00 ] 0.0.0.0 /cs/index.php/Home/Index/ni/8888
INFO: [ route_check ] --START--
INFO: CheckRoute Behavior ::run [ RunTime:0.003049s ]
INFO: [ route_check ] --END-- [ RunTime:0.003360s ]
INFO: [ app_begin ] --START--
INFO: ReadHtmlCache Behavior ::run [ RunTime:0.001676s ]
INFO: [ app_begin ] --END-- [ RunTime:0.005573s ]
INFO: [ view_parse ] --START--
INFO: ParseTemplate Behavior ::run [ RunTime:0.026685s ]
INFO: [ view_parse ] --END-- [ RunTime:0.026975s ]
INFO: [ view_filter ] --START--
INFO: ContentReplace Behavior ::run [ RunTime:0.001361s ]
INFO: TokenBuild Behavior ::run [ RunTime:0.001391s ]
INFO: WriteHtmlCache Behavior ::run [ RunTime:0.001332s ]
INFO: ShowRuntime Behavior ::run [ RunTime:0.001937s ]
INFO: [ view_filter ] --END-- [ RunTime:0.006711s ]
INFO: [ view_end ] --START--
INFO: ShowPageTrace Behavior ::run [ RunTime:0.002637s ]
INFO: [ view_end ] --END-- [ RunTime:0.003007s ]

[ 2014-03-09T18:58:47+08:00 ] 0.0.0.0 /cs/index.php/Home/Index/ni/8888
INFO: [ route_check ] --START--
INFO: CheckRoute Behavior ::run [ RunTime:0.002292s ]
INFO: [ route_check ] --END-- [ RunTime:0.002532s ]
INFO: [ app_begin ] --START--
INFO: ReadHtmlCache Behavior ::run [ RunTime:0.001454s ]
INFO: [ app_begin ] --END-- [ RunTime:0.001616s ]
INFO: [ view_parse ] --START--
INFO: ParseTemplate Behavior ::run [ RunTime:0.024040s ]
INFO: [ view_parse ] --END-- [ RunTime:0.024318s ]
INFO: [ view_filter ] --START--
INFO: ContentReplace Behavior ::run [ RunTime:0.001638s ]
INFO: TokenBuild Behavior ::run [ RunTime:0.001733s ]
INFO: WriteHtmlCache Behavior ::run [ RunTime:0.001327s ]
INFO: ShowRuntime Behavior ::run [ RunTime:0.002017s ]
INFO: [ view_filter ] --END-- [ RunTime:0.007330s ]
INFO: [ view_end ] --START--
INFO: ShowPageTrace Behavior ::run [ RunTime:0.001832s ]
INFO: [ view_end ] --END-- [ RunTime:0.002013s ]

[ 2014-03-09T18:59:00+08:00 ] 0.0.0.0 /cs/index.php/Home/cs
INFO: [ route_check ] --START--
INFO: CheckRoute Behavior ::run [ RunTime:0.004035s ]
INFO: [ route_check ] --END-- [ RunTime:0.004314s ]
INFO: [ app_begin ] --START--
INFO: ReadHtmlCache Behavior ::run [ RunTime:0.002130s ]
INFO: [ app_begin ] --END-- [ RunTime:0.002386s ]

[ 2014-03-09T21:03:14+08:00 ] 0.0.0.0 /cs/index.php/Home/cs
INFO: [ route_check ] --START--
INFO: CheckRoute Behavior ::run [ RunTime:0.007245s ]
INFO: [ route_check ] --END-- [ RunTime:0.007748s ]
INFO: [ app_begin ] --START--
INFO: ReadHtmlCache Behavior ::run [ RunTime:0.003813s ]
INFO: [ app_begin ] --END-- [ RunTime:0.004136s ]

